
May 06, 2021 12:47:18.584 NEW SESSION
May 06, 2021 12:47:18.584 [8616:10764:0506/124718.543:ERROR:device_event_log_impl.cc(214)] [12:47:18.542] USB: usb_device_handle_win.cc:1054 Failed to read descriptor from node connection: A device attached to the system is not functioning. (0x1F)
May 06, 2021 12:47:18.585 [8616:10764:0506/124718.549:ERROR:device_event_log_impl.cc(214)] [12:47:18.548] USB: usb_device_handle_win.cc:1054 Failed to read descriptor from node connection: A device attached to the system is not functioning. (0x1F)

May 06, 2021 18:25:43.577 NEW SESSION
May 06, 2021 18:25:43.577 [2968:880:0506/182543.572:ERROR:device_event_log_impl.cc(214)] [18:25:43.573] USB: usb_device_handle_win.cc:1054 Failed to read descriptor from node connection: A device attached to the system is not functioning. (0x1F)
May 06, 2021 18:25:43.579 [2968:880:0506/182543.573:ERROR:device_event_log_impl.cc(214)] [18:25:43.574] USB: usb_device_handle_win.cc:1054 Failed to read descriptor from node connection: A device attached to the system is not functioning. (0x1F)

May 16, 2021 19:21:00.117 NEW SESSION
May 16, 2021 19:21:00.117 [5988:10804:0516/192100.092:ERROR:device_event_log_impl.cc(214)] [19:21:00.092] USB: usb_device_handle_win.cc:1054 Failed to read descriptor from node connection: A device attached to the system is not functioning. (0x1F)
May 16, 2021 19:21:00.121 [5988:10804:0516/192100.093:ERROR:device_event_log_impl.cc(214)] [19:21:00.093] USB: usb_device_handle_win.cc:1054 Failed to read descriptor from node connection: A device attached to the system is not functioning. (0x1F)
May 16, 2021 19:34:17.280 [6940:840:0516/193417.280:ERROR:device_event_log_impl.cc(214)] [19:34:17.280] USB: usb_device_handle_win.cc:1054 Failed to read descriptor from node connection: A device attached to the system is not functioning. (0x1F)
May 16, 2021 19:34:17.281 [6940:840:0516/193417.281:ERROR:device_event_log_impl.cc(214)] [19:34:17.281] USB: usb_device_handle_win.cc:1054 Failed to read descriptor from node connection: A device attached to the system is not functioning. (0x1F)
May 16, 2021 19:36:18.584 [9288:7124:0516/193618.584:ERROR:device_event_log_impl.cc(214)] [19:36:18.584] USB: usb_device_handle_win.cc:1054 Failed to read descriptor from node connection: A device attached to the system is not functioning. (0x1F)
May 16, 2021 19:36:18.587 [9288:7124:0516/193618.587:ERROR:device_event_log_impl.cc(214)] [19:36:18.587] USB: usb_device_handle_win.cc:1054 Failed to read descriptor from node connection: A device attached to the system is not functioning. (0x1F)

May 16, 2021 20:34:17.116 NEW SESSION
May 16, 2021 20:34:17.116 [9304:3412:0516/203417.113:ERROR:device_event_log_impl.cc(214)] [20:34:17.114] USB: usb_device_handle_win.cc:1054 Failed to read descriptor from node connection: A device attached to the system is not functioning. (0x1F)
May 16, 2021 20:34:17.119 [9304:3412:0516/203417.119:ERROR:device_event_log_impl.cc(214)] [20:34:17.119] USB: usb_device_handle_win.cc:1054 Failed to read descriptor from node connection: A device attached to the system is not functioning. (0x1F)
May 16, 2021 20:34:17.299 [9304:5772:0516/203417.299:ERROR:connection_factory_impl.cc(428)] Failed to connect to MCS endpoint with error -106
May 16, 2021 20:34:38.968 [9304:5772:0516/203438.968:ERROR:connection_factory_impl.cc(428)] Failed to connect to MCS endpoint with error -106
May 16, 2021 20:35:25.854 [9304:5772:0516/203525.853:ERROR:connection_factory_impl.cc(428)] Failed to connect to MCS endpoint with error -106
May 16, 2021 20:36:58.686 [9304:5772:0516/203658.685:ERROR:connection_factory_impl.cc(428)] Failed to connect to MCS endpoint with error -106

May 17, 2021 09:14:25.504 NEW SESSION
May 17, 2021 09:14:25.504 [7548:5460:0517/091425.467:ERROR:device_event_log_impl.cc(214)] [09:14:25.467] USB: usb_device_handle_win.cc:1054 Failed to read descriptor from node connection: A device attached to the system is not functioning. (0x1F)
May 17, 2021 09:14:25.509 [7548:5460:0517/091425.468:ERROR:device_event_log_impl.cc(214)] [09:14:25.468] USB: usb_device_handle_win.cc:1054 Failed to read descriptor from node connection: A device attached to the system is not functioning. (0x1F)
May 17, 2021 09:14:25.652 [7548:1188:0517/091425.651:ERROR:connection_factory_impl.cc(428)] Failed to connect to MCS endpoint with error -106
May 17, 2021 09:14:55.611 [7548:1188:0517/091455.610:ERROR:connection_factory_impl.cc(428)] Failed to connect to MCS endpoint with error -106
May 17, 2021 09:15:44.254 [5784:7996:0517/091544.254:ERROR:device_event_log_impl.cc(214)] [09:15:44.253] USB: usb_device_handle_win.cc:1054 Failed to read descriptor from node connection: A device attached to the system is not functioning. (0x1F)
May 17, 2021 09:15:44.255 [5784:7996:0517/091544.255:ERROR:device_event_log_impl.cc(214)] [09:15:44.254] USB: usb_device_handle_win.cc:1054 Failed to read descriptor from node connection: A device attached to the system is not functioning. (0x1F)
May 17, 2021 09:15:44.285 [5784:1784:0517/091544.285:ERROR:connection_factory_impl.cc(428)] Failed to connect to MCS endpoint with error -106
May 17, 2021 09:16:12.954 [5784:1784:0517/091612.954:ERROR:connection_factory_impl.cc(428)] Failed to connect to MCS endpoint with error -106
May 17, 2021 09:25:42.599 [1260:4156:0517/092542.599:ERROR:device_event_log_impl.cc(214)] [09:25:42.599] USB: usb_device_handle_win.cc:1054 Failed to read descriptor from node connection: A device attached to the system is not functioning. (0x1F)
May 17, 2021 09:25:42.600 [1260:4156:0517/092542.599:ERROR:device_event_log_impl.cc(214)] [09:25:42.599] USB: usb_device_handle_win.cc:1054 Failed to read descriptor from node connection: A device attached to the system is not functioning. (0x1F)
May 17, 2021 09:25:42.702 [1260:7572:0517/092542.702:ERROR:connection_factory_impl.cc(428)] Failed to connect to MCS endpoint with error -106
May 17, 2021 09:26:03.762 [1260:7572:0517/092603.762:ERROR:connection_factory_impl.cc(428)] Failed to connect to MCS endpoint with error -106
May 17, 2021 09:26:46.580 [1260:7572:0517/092646.580:ERROR:connection_factory_impl.cc(428)] Failed to connect to MCS endpoint with error -106
May 17, 2021 09:28:27.143 [1260:7572:0517/092827.143:ERROR:connection_factory_impl.cc(428)] Failed to connect to MCS endpoint with error -106
May 17, 2021 09:32:05.286 [1260:7572:0517/093205.285:ERROR:connection_factory_impl.cc(428)] Failed to connect to MCS endpoint with error -106
May 17, 2021 09:34:36.42 [6700:6316:0517/093436.042:ERROR:device_event_log_impl.cc(214)] [09:34:36.042] USB: usb_device_handle_win.cc:1054 Failed to read descriptor from node connection: A device attached to the system is not functioning. (0x1F)
May 17, 2021 09:34:36.43 [6700:6316:0517/093436.043:ERROR:device_event_log_impl.cc(214)] [09:34:36.043] USB: usb_device_handle_win.cc:1054 Failed to read descriptor from node connection: A device attached to the system is not functioning. (0x1F)
May 17, 2021 09:34:36.81 [6700:2948:0517/093436.080:ERROR:connection_factory_impl.cc(428)] Failed to connect to MCS endpoint with error -106
May 17, 2021 09:35:19.231 [5844:5784:0517/093519.230:ERROR:device_event_log_impl.cc(214)] [09:35:19.230] USB: usb_device_handle_win.cc:1054 Failed to read descriptor from node connection: A device attached to the system is not functioning. (0x1F)
May 17, 2021 09:35:19.232 [5844:5784:0517/093519.231:ERROR:device_event_log_impl.cc(214)] [09:35:19.230] USB: usb_device_handle_win.cc:1054 Failed to read descriptor from node connection: A device attached to the system is not functioning. (0x1F)
May 17, 2021 09:35:19.703 [5844:5860:0517/093519.703:ERROR:connection_factory_impl.cc(428)] Failed to connect to MCS endpoint with error -106
May 17, 2021 09:35:42.303 [5844:5860:0517/093542.303:ERROR:connection_factory_impl.cc(428)] Failed to connect to MCS endpoint with error -106
May 17, 2021 09:36:33.211 [5844:5860:0517/093633.210:ERROR:connection_factory_impl.cc(428)] Failed to connect to MCS endpoint with error -106
May 17, 2021 09:41:29.478 [3908:7300:0517/094129.477:ERROR:device_event_log_impl.cc(214)] [09:41:29.476] USB: usb_device_handle_win.cc:1054 Failed to read descriptor from node connection: A device attached to the system is not functioning. (0x1F)
May 17, 2021 09:41:29.479 [3908:7300:0517/094129.478:ERROR:device_event_log_impl.cc(214)] [09:41:29.478] USB: usb_device_handle_win.cc:1054 Failed to read descriptor from node connection: A device attached to the system is not functioning. (0x1F)
May 17, 2021 09:41:29.964 [3908:7276:0517/094129.964:ERROR:connection_factory_impl.cc(428)] Failed to connect to MCS endpoint with error -106
May 17, 2021 09:41:52.488 [3908:7276:0517/094152.488:ERROR:connection_factory_impl.cc(428)] Failed to connect to MCS endpoint with error -106
May 17, 2021 09:42:36.680 [7060:5532:0517/094236.680:ERROR:device_event_log_impl.cc(214)] [09:42:36.680] USB: usb_device_handle_win.cc:1054 Failed to read descriptor from node connection: A device attached to the system is not functioning. (0x1F)
May 17, 2021 09:42:36.682 [7060:5532:0517/094236.681:ERROR:device_event_log_impl.cc(214)] [09:42:36.681] USB: usb_device_handle_win.cc:1054 Failed to read descriptor from node connection: A device attached to the system is not functioning. (0x1F)
May 17, 2021 09:42:36.723 [7060:5424:0517/094236.723:ERROR:connection_factory_impl.cc(428)] Failed to connect to MCS endpoint with error -106
May 17, 2021 09:42:58.890 [7060:5424:0517/094258.890:ERROR:connection_factory_impl.cc(428)] Failed to connect to MCS endpoint with error -106
May 17, 2021 09:43:41.822 [7060:5424:0517/094341.821:ERROR:connection_factory_impl.cc(428)] Failed to connect to MCS endpoint with error -106
May 17, 2021 09:45:04.789 [6448:6068:0517/094504.789:ERROR:device_event_log_impl.cc(214)] [09:45:04.789] USB: usb_device_handle_win.cc:1054 Failed to read descriptor from node connection: A device attached to the system is not functioning. (0x1F)
May 17, 2021 09:45:04.790 [6448:6068:0517/094504.790:ERROR:device_event_log_impl.cc(214)] [09:45:04.790] USB: usb_device_handle_win.cc:1054 Failed to read descriptor from node connection: A device attached to the system is not functioning. (0x1F)
May 17, 2021 09:45:04.973 [6448:5056:0517/094504.973:ERROR:connection_factory_impl.cc(428)] Failed to connect to MCS endpoint with error -106
May 17, 2021 09:45:31.838 [6448:5056:0517/094531.837:ERROR:connection_factory_impl.cc(428)] Failed to connect to MCS endpoint with error -106
May 17, 2021 09:46:24.213 [6448:5056:0517/094624.213:ERROR:connection_factory_impl.cc(428)] Failed to connect to MCS endpoint with error -106
May 17, 2021 09:47:11.882 [7652:5868:0517/094711.881:ERROR:device_event_log_impl.cc(214)] [09:47:11.881] USB: usb_device_handle_win.cc:1054 Failed to read descriptor from node connection: A device attached to the system is not functioning. (0x1F)
May 17, 2021 09:47:11.883 [7652:5868:0517/094711.882:ERROR:device_event_log_impl.cc(214)] [09:47:11.882] USB: usb_device_handle_win.cc:1054 Failed to read descriptor from node connection: A device attached to the system is not functioning. (0x1F)
May 17, 2021 09:47:11.946 [7652:7576:0517/094711.945:ERROR:connection_factory_impl.cc(428)] Failed to connect to MCS endpoint with error -106
May 17, 2021 09:51:23.752 [936:7688:0517/095123.752:ERROR:device_event_log_impl.cc(214)] [09:51:23.751] USB: usb_device_handle_win.cc:1054 Failed to read descriptor from node connection: A device attached to the system is not functioning. (0x1F)
May 17, 2021 09:51:23.754 [936:7688:0517/095123.753:ERROR:device_event_log_impl.cc(214)] [09:51:23.753] USB: usb_device_handle_win.cc:1054 Failed to read descriptor from node connection: A device attached to the system is not functioning. (0x1F)
May 17, 2021 09:51:23.804 [936:7328:0517/095123.804:ERROR:connection_factory_impl.cc(428)] Failed to connect to MCS endpoint with error -106
May 17, 2021 09:52:29.951 [6744:2624:0517/095229.951:ERROR:device_event_log_impl.cc(214)] [09:52:29.952] USB: usb_device_handle_win.cc:1054 Failed to read descriptor from node connection: A device attached to the system is not functioning. (0x1F)
May 17, 2021 09:52:29.952 [6744:2624:0517/095229.951:ERROR:device_event_log_impl.cc(214)] [09:52:29.952] USB: usb_device_handle_win.cc:1054 Failed to read descriptor from node connection: A device attached to the system is not functioning. (0x1F)
May 17, 2021 09:52:30.07 [6744:4084:0517/095230.007:ERROR:connection_factory_impl.cc(428)] Failed to connect to MCS endpoint with error -106
May 17, 2021 10:30:43.298 [6656:256:0517/103043.297:ERROR:device_event_log_impl.cc(214)] [10:30:43.297] USB: usb_device_handle_win.cc:1054 Failed to read descriptor from node connection: A device attached to the system is not functioning. (0x1F)
May 17, 2021 10:30:43.298 [6656:256:0517/103043.298:ERROR:device_event_log_impl.cc(214)] [10:30:43.298] USB: usb_device_handle_win.cc:1054 Failed to read descriptor from node connection: A device attached to the system is not functioning. (0x1F)
May 17, 2021 10:30:43.502 [6656:7672:0517/103043.502:ERROR:connection_factory_impl.cc(428)] Failed to connect to MCS endpoint with error -106
May 17, 2021 10:31:12.723 [6656:7672:0517/103112.722:ERROR:connection_factory_impl.cc(428)] Failed to connect to MCS endpoint with error -106
May 17, 2021 10:32:15.991 [8644:8648:0517/103215.990:ERROR:device_event_log_impl.cc(214)] [10:32:15.989] USB: usb_device_handle_win.cc:1054 Failed to read descriptor from node connection: A device attached to the system is not functioning. (0x1F)
May 17, 2021 10:32:15.992 [8644:8648:0517/103215.991:ERROR:device_event_log_impl.cc(214)] [10:32:15.991] USB: usb_device_handle_win.cc:1054 Failed to read descriptor from node connection: A device attached to the system is not functioning. (0x1F)
May 17, 2021 10:34:23.389 [8644:8748:0517/103423.388:ERROR:connection_factory_impl.cc(428)] Failed to connect to MCS endpoint with error -106
May 17, 2021 10:34:47.406 [8644:8748:0517/103447.406:ERROR:connection_factory_impl.cc(428)] Failed to connect to MCS endpoint with error -106
May 17, 2021 10:35:36.343 [8644:8748:0517/103536.343:ERROR:connection_factory_impl.cc(428)] Failed to connect to MCS endpoint with error -106
May 17, 2021 10:37:28.434 [8644:8748:0517/103728.434:ERROR:connection_factory_impl.cc(428)] Failed to connect to MCS endpoint with error -106
May 17, 2021 10:41:07.754 [8644:8748:0517/104107.753:ERROR:connection_factory_impl.cc(428)] Failed to connect to MCS endpoint with error -106
May 17, 2021 10:48:38.600 [8644:8748:0517/104838.600:ERROR:connection_factory_impl.cc(428)] Failed to connect to MCS endpoint with error -106
May 17, 2021 10:57:08.695 [7828:7124:0517/105708.695:ERROR:device_event_log_impl.cc(214)] [10:57:08.696] USB: usb_device_handle_win.cc:1054 Failed to read descriptor from node connection: A device attached to the system is not functioning. (0x1F)
May 17, 2021 10:57:08.696 [7828:7124:0517/105708.696:ERROR:device_event_log_impl.cc(214)] [10:57:08.696] USB: usb_device_handle_win.cc:1054 Failed to read descriptor from node connection: A device attached to the system is not functioning. (0x1F)
May 17, 2021 10:57:08.762 [7828:2444:0517/105708.762:ERROR:connection_factory_impl.cc(428)] Failed to connect to MCS endpoint with error -106
May 17, 2021 10:57:35.608 [7828:2444:0517/105735.608:ERROR:connection_factory_impl.cc(428)] Failed to connect to MCS endpoint with error -106
May 17, 2021 10:58:19.491 [7828:2444:0517/105819.491:ERROR:connection_factory_impl.cc(428)] Failed to connect to MCS endpoint with error -106
May 17, 2021 10:59:56.969 [7828:2444:0517/105956.968:ERROR:connection_factory_impl.cc(428)] Failed to connect to MCS endpoint with error -106
May 17, 2021 11:09:46.273 [1064:9328:0517/110946.272:ERROR:device_event_log_impl.cc(214)] [11:09:46.272] USB: usb_device_handle_win.cc:1054 Failed to read descriptor from node connection: A device attached to the system is not functioning. (0x1F)
May 17, 2021 11:09:46.274 [1064:9328:0517/110946.273:ERROR:device_event_log_impl.cc(214)] [11:09:46.273] USB: usb_device_handle_win.cc:1054 Failed to read descriptor from node connection: A device attached to the system is not functioning. (0x1F)
May 17, 2021 11:09:46.320 [1064:3208:0517/110946.320:ERROR:connection_factory_impl.cc(428)] Failed to connect to MCS endpoint with error -106
May 17, 2021 11:10:12.136 [1064:3208:0517/111012.136:ERROR:connection_factory_impl.cc(428)] Failed to connect to MCS endpoint with error -106
May 17, 2021 11:11:06.438 [1064:3208:0517/111106.438:ERROR:connection_factory_impl.cc(428)] Failed to connect to MCS endpoint with error -106
May 17, 2021 11:12:34.103 [1064:3208:0517/111234.102:ERROR:connection_factory_impl.cc(428)] Failed to connect to MCS endpoint with error -106
May 17, 2021 11:17:00.623 [5172:9180:0517/111700.623:ERROR:device_event_log_impl.cc(214)] [11:17:00.623] USB: usb_device_handle_win.cc:1054 Failed to read descriptor from node connection: A device attached to the system is not functioning. (0x1F)
May 17, 2021 11:17:00.625 [5172:9180:0517/111700.625:ERROR:device_event_log_impl.cc(214)] [11:17:00.624] USB: usb_device_handle_win.cc:1054 Failed to read descriptor from node connection: A device attached to the system is not functioning. (0x1F)
May 17, 2021 11:17:00.749 [5172:4472:0517/111700.748:ERROR:connection_factory_impl.cc(428)] Failed to connect to MCS endpoint with error -106
May 17, 2021 11:17:27.204 [5172:4472:0517/111727.204:ERROR:connection_factory_impl.cc(428)] Failed to connect to MCS endpoint with error -106
May 17, 2021 11:18:09.737 [5172:4472:0517/111809.736:ERROR:connection_factory_impl.cc(428)] Failed to connect to MCS endpoint with error -106
May 17, 2021 11:23:13.762 [10020:1056:0517/112313.761:ERROR:device_event_log_impl.cc(214)] [11:23:13.761] USB: usb_device_handle_win.cc:1054 Failed to read descriptor from node connection: A device attached to the system is not functioning. (0x1F)
May 17, 2021 11:23:13.763 [10020:1056:0517/112313.762:ERROR:device_event_log_impl.cc(214)] [11:23:13.762] USB: usb_device_handle_win.cc:1054 Failed to read descriptor from node connection: A device attached to the system is not functioning. (0x1F)
May 17, 2021 11:23:13.866 [10020:9392:0517/112313.866:ERROR:connection_factory_impl.cc(428)] Failed to connect to MCS endpoint with error -106
May 17, 2021 11:31:04.517 [9152:6620:0517/113104.516:ERROR:device_event_log_impl.cc(214)] [11:31:04.516] USB: usb_device_handle_win.cc:1054 Failed to read descriptor from node connection: A device attached to the system is not functioning. (0x1F)
May 17, 2021 11:31:04.518 [9152:6620:0517/113104.518:ERROR:device_event_log_impl.cc(214)] [11:31:04.517] USB: usb_device_handle_win.cc:1054 Failed to read descriptor from node connection: A device attached to the system is not functioning. (0x1F)
May 17, 2021 11:31:04.555 [9152:2204:0517/113104.555:ERROR:connection_factory_impl.cc(428)] Failed to connect to MCS endpoint with error -106
May 17, 2021 11:31:33.438 [9152:2204:0517/113133.438:ERROR:connection_factory_impl.cc(428)] Failed to connect to MCS endpoint with error -106
May 17, 2021 11:31:47.820 [9152:2204:0517/113147.819:ERROR:connection_factory_impl.cc(428)] Failed to connect to MCS endpoint with error -106
May 17, 2021 11:33:41.110 [9152:2204:0517/113341.110:ERROR:connection_factory_impl.cc(428)] Failed to connect to MCS endpoint with error -106

May 17, 2021 16:02:35.395 NEW SESSION
May 17, 2021 16:02:35.395 [7504:9380:0517/160235.366:ERROR:device_event_log_impl.cc(214)] [16:02:35.365] USB: usb_device_handle_win.cc:1054 Failed to read descriptor from node connection: A device attached to the system is not functioning. (0x1F)
May 17, 2021 16:02:35.404 [7504:9380:0517/160235.367:ERROR:device_event_log_impl.cc(214)] [16:02:35.367] USB: usb_device_handle_win.cc:1054 Failed to read descriptor from node connection: A device attached to the system is not functioning. (0x1F)
May 17, 2021 16:02:35.552 [7504:1952:0517/160235.552:ERROR:connection_factory_impl.cc(428)] Failed to connect to MCS endpoint with error -106
May 17, 2021 16:03:02.440 [7504:1952:0517/160302.440:ERROR:connection_factory_impl.cc(428)] Failed to connect to MCS endpoint with error -106
May 17, 2021 16:03:48.860 [7504:1952:0517/160348.859:ERROR:connection_factory_impl.cc(428)] Failed to connect to MCS endpoint with error -106
May 17, 2021 16:05:45.822 [7504:1952:0517/160545.821:ERROR:connection_factory_impl.cc(428)] Failed to connect to MCS endpoint with error -106
May 17, 2021 16:08:40.236 [7504:1952:0517/160840.236:ERROR:connection_factory_impl.cc(428)] Failed to connect to MCS endpoint with error -106
May 17, 2021 16:15:22.276 [7504:1952:0517/161522.275:ERROR:connection_factory_impl.cc(428)] Failed to connect to MCS endpoint with error -106
May 17, 2021 16:24:17.57 [6744:6656:0517/162417.056:ERROR:device_event_log_impl.cc(214)] [16:24:17.057] USB: usb_device_handle_win.cc:1054 Failed to read descriptor from node connection: A device attached to the system is not functioning. (0x1F)
May 17, 2021 16:24:17.58 [6744:6656:0517/162417.057:ERROR:device_event_log_impl.cc(214)] [16:24:17.057] USB: usb_device_handle_win.cc:1054 Failed to read descriptor from node connection: A device attached to the system is not functioning. (0x1F)
May 17, 2021 16:24:17.131 [6744:8556:0517/162417.130:ERROR:connection_factory_impl.cc(428)] Failed to connect to MCS endpoint with error -106
May 17, 2021 16:25:25.534 [7016:4604:0517/162525.533:ERROR:device_event_log_impl.cc(214)] [16:25:25.534] USB: usb_device_handle_win.cc:1054 Failed to read descriptor from node connection: A device attached to the system is not functioning. (0x1F)
May 17, 2021 16:25:25.534 [7016:4604:0517/162525.534:ERROR:device_event_log_impl.cc(214)] [16:25:25.534] USB: usb_device_handle_win.cc:1054 Failed to read descriptor from node connection: A device attached to the system is not functioning. (0x1F)
May 17, 2021 16:25:25.589 [7016:5072:0517/162525.588:ERROR:connection_factory_impl.cc(428)] Failed to connect to MCS endpoint with error -106
May 17, 2021 16:25:53.563 [7016:5072:0517/162553.562:ERROR:connection_factory_impl.cc(428)] Failed to connect to MCS endpoint with error -106
May 17, 2021 16:35:41.748 [3260:7632:0517/163541.747:ERROR:device_event_log_impl.cc(214)] [16:35:41.746] USB: usb_device_handle_win.cc:1054 Failed to read descriptor from node connection: A device attached to the system is not functioning. (0x1F)
May 17, 2021 16:35:41.750 [3260:7632:0517/163541.749:ERROR:device_event_log_impl.cc(214)] [16:35:41.748] USB: usb_device_handle_win.cc:1054 Failed to read descriptor from node connection: A device attached to the system is not functioning. (0x1F)
May 17, 2021 16:35:41.818 [3260:9312:0517/163541.818:ERROR:connection_factory_impl.cc(428)] Failed to connect to MCS endpoint with error -106
May 17, 2021 16:41:18.33 [5488:6056:0517/164118.033:ERROR:device_event_log_impl.cc(214)] [16:41:18.033] USB: usb_device_handle_win.cc:1054 Failed to read descriptor from node connection: A device attached to the system is not functioning. (0x1F)
May 17, 2021 16:41:18.34 [5488:6056:0517/164118.033:ERROR:device_event_log_impl.cc(214)] [16:41:18.033] USB: usb_device_handle_win.cc:1054 Failed to read descriptor from node connection: A device attached to the system is not functioning. (0x1F)
May 17, 2021 16:41:18.150 [5488:6916:0517/164118.149:ERROR:connection_factory_impl.cc(428)] Failed to connect to MCS endpoint with error -106
May 17, 2021 16:41:46.666 [5488:6916:0517/164146.666:ERROR:connection_factory_impl.cc(428)] Failed to connect to MCS endpoint with error -106
May 17, 2021 16:42:43.236 [5488:6916:0517/164243.235:ERROR:connection_factory_impl.cc(428)] Failed to connect to MCS endpoint with error -106
May 17, 2021 16:44:29.871 [5488:6916:0517/164429.870:ERROR:connection_factory_impl.cc(428)] Failed to connect to MCS endpoint with error -106
May 17, 2021 16:47:39.465 [5488:6916:0517/164739.464:ERROR:connection_factory_impl.cc(428)] Failed to connect to MCS endpoint with error -106
May 17, 2021 16:53:50.532 [5488:6916:0517/165350.531:ERROR:connection_factory_impl.cc(428)] Failed to connect to MCS endpoint with error -106
May 17, 2021 17:03:50.541 [5488:6916:0517/170350.541:ERROR:connection_factory_impl.cc(428)] Failed to connect to MCS endpoint with error -106
May 17, 2021 17:13:50.545 [5488:6916:0517/171350.544:ERROR:connection_factory_impl.cc(428)] Failed to connect to MCS endpoint with error -106
May 17, 2021 17:39:03.238 [7172:9168:0517/173903.238:ERROR:device_event_log_impl.cc(214)] [17:39:03.237] USB: usb_device_handle_win.cc:1054 Failed to read descriptor from node connection: A device attached to the system is not functioning. (0x1F)
May 17, 2021 17:39:03.239 [7172:9168:0517/173903.239:ERROR:device_event_log_impl.cc(214)] [17:39:03.238] USB: usb_device_handle_win.cc:1054 Failed to read descriptor from node connection: A device attached to the system is not functioning. (0x1F)
May 17, 2021 17:39:04.798 [7172:9812:0517/173904.798:ERROR:connection_factory_impl.cc(428)] Failed to connect to MCS endpoint with error -106
May 17, 2021 17:39:34.641 [7172:9812:0517/173934.641:ERROR:connection_factory_impl.cc(428)] Failed to connect to MCS endpoint with error -106
May 17, 2021 17:40:19.544 [7172:9812:0517/174019.543:ERROR:connection_factory_impl.cc(428)] Failed to connect to MCS endpoint with error -106
May 17, 2021 17:41:15.495 [9684:9456:0517/174115.494:ERROR:device_event_log_impl.cc(214)] [17:41:15.494] USB: usb_device_handle_win.cc:1054 Failed to read descriptor from node connection: A device attached to the system is not functioning. (0x1F)
May 17, 2021 17:41:15.496 [9684:9456:0517/174115.495:ERROR:device_event_log_impl.cc(214)] [17:41:15.495] USB: usb_device_handle_win.cc:1054 Failed to read descriptor from node connection: A device attached to the system is not functioning. (0x1F)
May 17, 2021 17:41:15.589 [9684:9208:0517/174115.588:ERROR:connection_factory_impl.cc(428)] Failed to connect to MCS endpoint with error -106
May 17, 2021 17:43:37.583 [4676:1372:0517/174337.582:ERROR:device_event_log_impl.cc(214)] [17:43:37.583] USB: usb_device_handle_win.cc:1054 Failed to read descriptor from node connection: A device attached to the system is not functioning. (0x1F)
May 17, 2021 17:43:37.584 [4676:1372:0517/174337.583:ERROR:device_event_log_impl.cc(214)] [17:43:37.584] USB: usb_device_handle_win.cc:1054 Failed to read descriptor from node connection: A device attached to the system is not functioning. (0x1F)
May 17, 2021 17:43:37.835 [4676:2928:0517/174337.835:ERROR:connection_factory_impl.cc(428)] Failed to connect to MCS endpoint with error -106
May 17, 2021 17:44:28.160 [7712:8324:0517/174428.159:ERROR:device_event_log_impl.cc(214)] [17:44:28.159] USB: usb_device_handle_win.cc:1054 Failed to read descriptor from node connection: A device attached to the system is not functioning. (0x1F)
May 17, 2021 17:44:28.161 [7712:8324:0517/174428.160:ERROR:device_event_log_impl.cc(214)] [17:44:28.160] USB: usb_device_handle_win.cc:1054 Failed to read descriptor from node connection: A device attached to the system is not functioning. (0x1F)
May 17, 2021 17:44:28.284 [7712:5824:0517/174428.284:ERROR:connection_factory_impl.cc(428)] Failed to connect to MCS endpoint with error -106
May 17, 2021 17:52:48.574 [456:2912:0517/175248.574:ERROR:device_event_log_impl.cc(214)] [17:52:48.574] USB: usb_device_handle_win.cc:1054 Failed to read descriptor from node connection: A device attached to the system is not functioning. (0x1F)
May 17, 2021 17:52:48.575 [456:2912:0517/175248.575:ERROR:device_event_log_impl.cc(214)] [17:52:48.575] USB: usb_device_handle_win.cc:1054 Failed to read descriptor from node connection: A device attached to the system is not functioning. (0x1F)
May 17, 2021 17:52:48.733 [456:2896:0517/175248.733:ERROR:connection_factory_impl.cc(428)] Failed to connect to MCS endpoint with error -106
May 17, 2021 18:31:11.943 [7932:5584:0517/183111.943:ERROR:device_event_log_impl.cc(214)] [18:31:11.942] USB: usb_device_handle_win.cc:1054 Failed to read descriptor from node connection: A device attached to the system is not functioning. (0x1F)
May 17, 2021 18:31:11.944 [7932:5584:0517/183111.943:ERROR:device_event_log_impl.cc(214)] [18:31:11.943] USB: usb_device_handle_win.cc:1054 Failed to read descriptor from node connection: A device attached to the system is not functioning. (0x1F)

May 17, 2021 19:15:56.721 NEW SESSION
May 17, 2021 19:15:56.721 [1180:8772:0517/191556.717:ERROR:device_event_log_impl.cc(214)] [19:15:56.718] USB: usb_device_handle_win.cc:1054 Failed to read descriptor from node connection: A device attached to the system is not functioning. (0x1F)
May 17, 2021 19:15:56.722 [1180:8772:0517/191556.719:ERROR:device_event_log_impl.cc(214)] [19:15:56.719] USB: usb_device_handle_win.cc:1054 Failed to read descriptor from node connection: A device attached to the system is not functioning. (0x1F)
May 17, 2021 19:15:56.926 [1180:11692:0517/191556.925:ERROR:connection_factory_impl.cc(428)] Failed to connect to MCS endpoint with error -106
May 17, 2021 19:16:26.147 [1180:11692:0517/191626.147:ERROR:connection_factory_impl.cc(428)] Failed to connect to MCS endpoint with error -106
May 17, 2021 19:17:12.563 [1180:11692:0517/191712.563:ERROR:connection_factory_impl.cc(428)] Failed to connect to MCS endpoint with error -106
May 17, 2021 19:18:46.898 [1180:11692:0517/191846.897:ERROR:connection_factory_impl.cc(428)] Failed to connect to MCS endpoint with error -106
May 17, 2021 19:20:39.756 [272:1004:0517/192039.756:ERROR:device_event_log_impl.cc(214)] [19:20:39.757] USB: usb_device_handle_win.cc:1054 Failed to read descriptor from node connection: A device attached to the system is not functioning. (0x1F)
May 17, 2021 19:20:39.757 [272:1004:0517/192039.756:ERROR:device_event_log_impl.cc(214)] [19:20:39.757] USB: usb_device_handle_win.cc:1054 Failed to read descriptor from node connection: A device attached to the system is not functioning. (0x1F)
May 17, 2021 19:20:39.909 [272:7996:0517/192039.908:ERROR:connection_factory_impl.cc(428)] Failed to connect to MCS endpoint with error -106
May 17, 2021 19:21:02.860 [272:7996:0517/192102.860:ERROR:connection_factory_impl.cc(428)] Failed to connect to MCS endpoint with error -106
May 17, 2021 19:21:04.948 [272:1004:0517/192104.947:ERROR:account_info_fetcher.cc(60)] OnGetTokenFailure: Request canceled.
May 17, 2021 19:32:57.514 [5804:5964:0517/193257.513:ERROR:device_event_log_impl.cc(214)] [19:32:57.513] USB: usb_device_handle_win.cc:1054 Failed to read descriptor from node connection: A device attached to the system is not functioning. (0x1F)
May 17, 2021 19:32:57.514 [5804:5964:0517/193257.514:ERROR:device_event_log_impl.cc(214)] [19:32:57.514] USB: usb_device_handle_win.cc:1054 Failed to read descriptor from node connection: A device attached to the system is not functioning. (0x1F)
May 17, 2021 19:32:57.626 [5804:8180:0517/193257.626:ERROR:connection_factory_impl.cc(428)] Failed to connect to MCS endpoint with error -106
May 17, 2021 19:33:22.291 [5804:8180:0517/193322.290:ERROR:connection_factory_impl.cc(428)] Failed to connect to MCS endpoint with error -106
May 17, 2021 19:35:13.328 [5244:9568:0517/193513.327:ERROR:device_event_log_impl.cc(214)] [19:35:13.326] USB: usb_device_handle_win.cc:1054 Failed to read descriptor from node connection: A device attached to the system is not functioning. (0x1F)
May 17, 2021 19:35:13.329 [5244:9568:0517/193513.328:ERROR:device_event_log_impl.cc(214)] [19:35:13.327] USB: usb_device_handle_win.cc:1054 Failed to read descriptor from node connection: A device attached to the system is not functioning. (0x1F)
May 17, 2021 19:37:40.55 [568:5712:0517/193740.054:ERROR:device_event_log_impl.cc(214)] [19:37:40.055] USB: usb_device_handle_win.cc:1054 Failed to read descriptor from node connection: A device attached to the system is not functioning. (0x1F)
May 17, 2021 19:37:40.56 [568:5712:0517/193740.055:ERROR:device_event_log_impl.cc(214)] [19:37:40.056] USB: usb_device_handle_win.cc:1054 Failed to read descriptor from node connection: A device attached to the system is not functioning. (0x1F)
May 17, 2021 19:37:40.173 [568:12072:0517/193740.173:ERROR:connection_factory_impl.cc(428)] Failed to connect to MCS endpoint with error -106
May 17, 2021 19:39:00.927 [10444:6344:0517/193900.926:ERROR:device_event_log_impl.cc(214)] [19:39:00.926] USB: usb_device_handle_win.cc:1054 Failed to read descriptor from node connection: A device attached to the system is not functioning. (0x1F)
May 17, 2021 19:39:00.928 [10444:6344:0517/193900.926:ERROR:device_event_log_impl.cc(214)] [19:39:00.926] USB: usb_device_handle_win.cc:1054 Failed to read descriptor from node connection: A device attached to the system is not functioning. (0x1F)
May 17, 2021 19:39:01.442 [10444:7148:0517/193901.442:ERROR:connection_factory_impl.cc(428)] Failed to connect to MCS endpoint with error -106
May 17, 2021 19:48:39.104 [11216:11212:0517/194839.104:ERROR:device_event_log_impl.cc(214)] [19:48:39.103] USB: usb_device_handle_win.cc:1054 Failed to read descriptor from node connection: A device attached to the system is not functioning. (0x1F)
May 17, 2021 19:48:39.105 [11216:11212:0517/194839.105:ERROR:device_event_log_impl.cc(214)] [19:48:39.105] USB: usb_device_handle_win.cc:1054 Failed to read descriptor from node connection: A device attached to the system is not functioning. (0x1F)
May 17, 2021 19:48:39.310 [11216:5212:0517/194839.310:ERROR:connection_factory_impl.cc(428)] Failed to connect to MCS endpoint with error -106
May 17, 2021 19:52:33.803 [8800:9508:0517/195233.803:ERROR:device_event_log_impl.cc(214)] [19:52:33.803] USB: usb_device_handle_win.cc:1054 Failed to read descriptor from node connection: A device attached to the system is not functioning. (0x1F)
May 17, 2021 19:52:33.804 [8800:9508:0517/195233.803:ERROR:device_event_log_impl.cc(214)] [19:52:33.803] USB: usb_device_handle_win.cc:1054 Failed to read descriptor from node connection: A device attached to the system is not functioning. (0x1F)
May 17, 2021 19:52:34.06 [8800:8392:0517/195234.006:ERROR:connection_factory_impl.cc(428)] Failed to connect to MCS endpoint with error -106
May 17, 2021 19:54:19.444 [3032:3456:0517/195419.444:ERROR:device_event_log_impl.cc(214)] [19:54:19.444] USB: usb_device_handle_win.cc:1054 Failed to read descriptor from node connection: A device attached to the system is not functioning. (0x1F)
May 17, 2021 19:54:19.445 [3032:3456:0517/195419.445:ERROR:device_event_log_impl.cc(214)] [19:54:19.445] USB: usb_device_handle_win.cc:1054 Failed to read descriptor from node connection: A device attached to the system is not functioning. (0x1F)
May 17, 2021 19:54:19.592 [3032:3092:0517/195419.592:ERROR:connection_factory_impl.cc(428)] Failed to connect to MCS endpoint with error -106
May 17, 2021 19:54:46.259 [3032:3092:0517/195446.259:ERROR:connection_factory_impl.cc(428)] Failed to connect to MCS endpoint with error -106
May 17, 2021 19:55:26.493 [3032:3092:0517/195526.492:ERROR:connection_factory_impl.cc(428)] Failed to connect to MCS endpoint with error -106
May 17, 2021 19:57:18.785 [1880:10368:0517/195718.784:ERROR:device_event_log_impl.cc(214)] [19:57:18.784] USB: usb_device_handle_win.cc:1054 Failed to read descriptor from node connection: A device attached to the system is not functioning. (0x1F)
May 17, 2021 19:57:18.786 [1880:10368:0517/195718.785:ERROR:device_event_log_impl.cc(214)] [19:57:18.786] USB: usb_device_handle_win.cc:1054 Failed to read descriptor from node connection: A device attached to the system is not functioning. (0x1F)
May 17, 2021 19:57:18.993 [1880:9128:0517/195718.992:ERROR:connection_factory_impl.cc(428)] Failed to connect to MCS endpoint with error -106

May 18, 2021 16:21:47.969 NEW SESSION
May 18, 2021 16:21:47.969 [7032:8168:0518/162147.962:ERROR:device_event_log_impl.cc(214)] [16:21:47.962] USB: usb_device_handle_win.cc:1054 Failed to read descriptor from node connection: A device attached to the system is not functioning. (0x1F)
May 18, 2021 16:21:47.994 [7032:8168:0518/162147.963:ERROR:device_event_log_impl.cc(214)] [16:21:47.963] USB: usb_device_handle_win.cc:1054 Failed to read descriptor from node connection: A device attached to the system is not functioning. (0x1F)
May 18, 2021 16:21:49.175 [7032:1524:0518/162149.175:ERROR:connection_factory_impl.cc(428)] Failed to connect to MCS endpoint with error -106
May 18, 2021 16:22:44.569 [5336:7436:0518/162244.569:ERROR:device_event_log_impl.cc(214)] [16:22:44.569] USB: usb_device_handle_win.cc:1054 Failed to read descriptor from node connection: A device attached to the system is not functioning. (0x1F)
May 18, 2021 16:22:44.570 [5336:7436:0518/162244.570:ERROR:device_event_log_impl.cc(214)] [16:22:44.570] USB: usb_device_handle_win.cc:1054 Failed to read descriptor from node connection: A device attached to the system is not functioning. (0x1F)
May 18, 2021 16:22:44.624 [5336:5012:0518/162244.624:ERROR:connection_factory_impl.cc(428)] Failed to connect to MCS endpoint with error -106
May 18, 2021 16:23:12.935 [5336:5012:0518/162312.935:ERROR:connection_factory_impl.cc(428)] Failed to connect to MCS endpoint with error -106
May 18, 2021 16:23:55.795 [5336:5012:0518/162355.795:ERROR:connection_factory_impl.cc(428)] Failed to connect to MCS endpoint with error -106
May 18, 2021 16:27:24.231 [3708:6548:0518/162724.230:ERROR:device_event_log_impl.cc(214)] [16:27:24.230] USB: usb_device_handle_win.cc:1054 Failed to read descriptor from node connection: A device attached to the system is not functioning. (0x1F)
May 18, 2021 16:27:24.232 [3708:6548:0518/162724.231:ERROR:device_event_log_impl.cc(214)] [16:27:24.231] USB: usb_device_handle_win.cc:1054 Failed to read descriptor from node connection: A device attached to the system is not functioning. (0x1F)
May 18, 2021 16:27:24.286 [3708:1984:0518/162724.286:ERROR:connection_factory_impl.cc(428)] Failed to connect to MCS endpoint with error -106
May 18, 2021 16:27:52.120 [3708:1984:0518/162752.120:ERROR:connection_factory_impl.cc(428)] Failed to connect to MCS endpoint with error -106
May 18, 2021 16:28:48.600 [3708:1984:0518/162848.599:ERROR:connection_factory_impl.cc(428)] Failed to connect to MCS endpoint with error -106
May 18, 2021 16:30:13.03 [3708:1984:0518/163013.002:ERROR:connection_factory_impl.cc(428)] Failed to connect to MCS endpoint with error -106
May 18, 2021 16:33:17.205 [3708:1984:0518/163317.205:ERROR:connection_factory_impl.cc(428)] Failed to connect to MCS endpoint with error -106
May 18, 2021 16:41:05.667 [3012:5584:0518/164105.666:ERROR:device_event_log_impl.cc(214)] [16:41:05.667] USB: usb_device_handle_win.cc:1054 Failed to read descriptor from node connection: A device attached to the system is not functioning. (0x1F)
May 18, 2021 16:41:05.668 [3012:5584:0518/164105.667:ERROR:device_event_log_impl.cc(214)] [16:41:05.668] USB: usb_device_handle_win.cc:1054 Failed to read descriptor from node connection: A device attached to the system is not functioning. (0x1F)
May 18, 2021 16:41:05.700 [3012:6668:0518/164105.700:ERROR:connection_factory_impl.cc(428)] Failed to connect to MCS endpoint with error -106
May 18, 2021 16:41:30.473 [3012:6668:0518/164130.473:ERROR:connection_factory_impl.cc(428)] Failed to connect to MCS endpoint with error -106
May 18, 2021 16:43:04.206 [1968:5956:0518/164304.205:ERROR:device_event_log_impl.cc(214)] [16:43:04.205] USB: usb_device_handle_win.cc:1054 Failed to read descriptor from node connection: A device attached to the system is not functioning. (0x1F)
May 18, 2021 16:43:04.206 [1968:5956:0518/164304.206:ERROR:device_event_log_impl.cc(214)] [16:43:04.206] USB: usb_device_handle_win.cc:1054 Failed to read descriptor from node connection: A device attached to the system is not functioning. (0x1F)
May 18, 2021 16:43:04.558 [1968:5940:0518/164304.558:ERROR:connection_factory_impl.cc(428)] Failed to connect to MCS endpoint with error -106
May 18, 2021 16:43:34.140 [1968:5940:0518/164334.140:ERROR:connection_factory_impl.cc(428)] Failed to connect to MCS endpoint with error -106
May 18, 2021 16:44:18.536 [1968:5940:0518/164418.535:ERROR:connection_factory_impl.cc(428)] Failed to connect to MCS endpoint with error -106

May 18, 2021 16:48:30.532 NEW SESSION
May 18, 2021 16:48:30.532 [208:4152:0518/164830.530:ERROR:device_event_log_impl.cc(214)] [16:48:30.530] USB: usb_device_handle_win.cc:1054 Failed to read descriptor from node connection: A device attached to the system is not functioning. (0x1F)
May 18, 2021 16:48:30.533 [208:4152:0518/164830.533:ERROR:device_event_log_impl.cc(214)] [16:48:30.533] USB: usb_device_handle_win.cc:1054 Failed to read descriptor from node connection: A device attached to the system is not functioning. (0x1F)
May 18, 2021 16:48:30.676 [208:6596:0518/164830.675:ERROR:connection_factory_impl.cc(428)] Failed to connect to MCS endpoint with error -106
May 18, 2021 16:48:59.424 [208:6596:0518/164859.424:ERROR:connection_factory_impl.cc(428)] Failed to connect to MCS endpoint with error -106
May 18, 2021 16:49:47.236 [208:6596:0518/164947.235:ERROR:connection_factory_impl.cc(428)] Failed to connect to MCS endpoint with error -106
May 18, 2021 16:51:45.162 [208:6596:0518/165145.161:ERROR:connection_factory_impl.cc(428)] Failed to connect to MCS endpoint with error -106
May 18, 2021 16:59:28.803 [3428:7832:0518/165928.803:ERROR:device_event_log_impl.cc(214)] [16:59:28.802] USB: usb_device_handle_win.cc:1054 Failed to read descriptor from node connection: A device attached to the system is not functioning. (0x1F)
May 18, 2021 16:59:28.804 [3428:7832:0518/165928.804:ERROR:device_event_log_impl.cc(214)] [16:59:28.803] USB: usb_device_handle_win.cc:1054 Failed to read descriptor from node connection: A device attached to the system is not functioning. (0x1F)
May 18, 2021 16:59:28.869 [3428:6316:0518/165928.869:ERROR:connection_factory_impl.cc(428)] Failed to connect to MCS endpoint with error -106
May 18, 2021 16:59:51.292 [3428:6316:0518/165951.292:ERROR:connection_factory_impl.cc(428)] Failed to connect to MCS endpoint with error -106
May 18, 2021 17:00:33.539 [9116:9084:0518/170033.538:ERROR:device_event_log_impl.cc(214)] [17:00:33.538] USB: usb_device_handle_win.cc:1054 Failed to read descriptor from node connection: A device attached to the system is not functioning. (0x1F)
May 18, 2021 17:00:33.540 [9116:9084:0518/170033.539:ERROR:device_event_log_impl.cc(214)] [17:00:33.539] USB: usb_device_handle_win.cc:1054 Failed to read descriptor from node connection: A device attached to the system is not functioning. (0x1F)
May 18, 2021 17:00:33.582 [9116:8316:0518/170033.581:ERROR:connection_factory_impl.cc(428)] Failed to connect to MCS endpoint with error -106
May 18, 2021 17:00:56.173 [9116:8316:0518/170056.173:ERROR:connection_factory_impl.cc(428)] Failed to connect to MCS endpoint with error -106
May 18, 2021 17:01:51.438 [9116:8316:0518/170151.438:ERROR:connection_factory_impl.cc(428)] Failed to connect to MCS endpoint with error -106
May 18, 2021 17:05:06.674 [4228:8568:0518/170506.674:ERROR:device_event_log_impl.cc(214)] [17:05:06.674] USB: usb_device_handle_win.cc:1054 Failed to read descriptor from node connection: A device attached to the system is not functioning. (0x1F)
May 18, 2021 17:05:06.675 [4228:8568:0518/170506.674:ERROR:device_event_log_impl.cc(214)] [17:05:06.674] USB: usb_device_handle_win.cc:1054 Failed to read descriptor from node connection: A device attached to the system is not functioning. (0x1F)
May 18, 2021 17:05:53.341 [120:6220:0518/170553.341:ERROR:device_event_log_impl.cc(214)] [17:05:53.341] USB: usb_device_handle_win.cc:1054 Failed to read descriptor from node connection: A device attached to the system is not functioning. (0x1F)
May 18, 2021 17:05:53.342 [120:6220:0518/170553.341:ERROR:device_event_log_impl.cc(214)] [17:05:53.342] USB: usb_device_handle_win.cc:1054 Failed to read descriptor from node connection: A device attached to the system is not functioning. (0x1F)
May 18, 2021 17:06:29.470 [8892:2572:0518/170629.470:ERROR:get_updates_processor.cc(257)] PostClientToServerMessage() failed during GetUpdates with error 2
May 18, 2021 17:11:03.640 [10100:10096:0518/171103.640:ERROR:device_event_log_impl.cc(214)] [17:11:03.640] USB: usb_device_handle_win.cc:1054 Failed to read descriptor from node connection: A device attached to the system is not functioning. (0x1F)
May 18, 2021 17:11:03.641 [10100:10096:0518/171103.641:ERROR:device_event_log_impl.cc(214)] [17:11:03.641] USB: usb_device_handle_win.cc:1054 Failed to read descriptor from node connection: A device attached to the system is not functioning. (0x1F)
May 18, 2021 17:31:52.149 [8656:8628:0518/173152.149:ERROR:device_event_log_impl.cc(214)] [17:31:52.149] USB: usb_device_handle_win.cc:1054 Failed to read descriptor from node connection: A device attached to the system is not functioning. (0x1F)
May 18, 2021 17:31:52.150 [8656:8628:0518/173152.149:ERROR:device_event_log_impl.cc(214)] [17:31:52.150] USB: usb_device_handle_win.cc:1054 Failed to read descriptor from node connection: A device attached to the system is not functioning. (0x1F)
May 18, 2021 17:35:00.751 [8656:7800:0518/173500.751:ERROR:connection_factory_impl.cc(428)] Failed to connect to MCS endpoint with error -106
May 18, 2021 17:35:30.622 [8656:7800:0518/173530.621:ERROR:connection_factory_impl.cc(428)] Failed to connect to MCS endpoint with error -106
May 18, 2021 17:36:22.734 [8656:7800:0518/173622.734:ERROR:connection_factory_impl.cc(428)] Failed to connect to MCS endpoint with error -106
May 18, 2021 17:38:10.547 [8656:7800:0518/173810.546:ERROR:connection_factory_impl.cc(428)] Failed to connect to MCS endpoint with error -106
May 18, 2021 17:44:07.906 [9156:6408:0518/174407.905:ERROR:device_event_log_impl.cc(214)] [17:44:07.905] USB: usb_device_handle_win.cc:1054 Failed to read descriptor from node connection: A device attached to the system is not functioning. (0x1F)
May 18, 2021 17:44:07.907 [9156:6408:0518/174407.906:ERROR:device_event_log_impl.cc(214)] [17:44:07.907] USB: usb_device_handle_win.cc:1054 Failed to read descriptor from node connection: A device attached to the system is not functioning. (0x1F)
May 18, 2021 17:44:08.121 [9156:8336:0518/174408.120:ERROR:connection_factory_impl.cc(428)] Failed to connect to MCS endpoint with error -106
May 18, 2021 17:44:36.324 [9156:8336:0518/174436.323:ERROR:connection_factory_impl.cc(428)] Failed to connect to MCS endpoint with error -106
May 18, 2021 17:46:15.108 [9940:8404:0518/174615.108:ERROR:device_event_log_impl.cc(214)] [17:46:15.108] USB: usb_device_handle_win.cc:1054 Failed to read descriptor from node connection: A device attached to the system is not functioning. (0x1F)
May 18, 2021 17:46:15.109 [9940:8404:0518/174615.109:ERROR:device_event_log_impl.cc(214)] [17:46:15.109] USB: usb_device_handle_win.cc:1054 Failed to read descriptor from node connection: A device attached to the system is not functioning. (0x1F)
May 18, 2021 17:46:15.192 [9940:9052:0518/174615.192:ERROR:connection_factory_impl.cc(428)] Failed to connect to MCS endpoint with error -106
May 18, 2021 17:46:39.873 [9940:9052:0518/174639.872:ERROR:connection_factory_impl.cc(428)] Failed to connect to MCS endpoint with error -106
May 18, 2021 17:47:30.894 [9940:9052:0518/174730.894:ERROR:connection_factory_impl.cc(428)] Failed to connect to MCS endpoint with error -106
May 18, 2021 17:49:23.807 [10656:248:0518/174923.806:ERROR:device_event_log_impl.cc(214)] [17:49:23.807] USB: usb_device_handle_win.cc:1054 Failed to read descriptor from node connection: A device attached to the system is not functioning. (0x1F)
May 18, 2021 17:49:23.808 [10656:248:0518/174923.807:ERROR:device_event_log_impl.cc(214)] [17:49:23.807] USB: usb_device_handle_win.cc:1054 Failed to read descriptor from node connection: A device attached to the system is not functioning. (0x1F)
May 18, 2021 17:49:24.18 [10656:10552:0518/174924.018:ERROR:connection_factory_impl.cc(428)] Failed to connect to MCS endpoint with error -106
May 18, 2021 18:08:23.273 [6540:10028:0518/180823.273:ERROR:device_event_log_impl.cc(214)] [18:08:23.272] USB: usb_device_handle_win.cc:1054 Failed to read descriptor from node connection: A device attached to the system is not functioning. (0x1F)
May 18, 2021 18:08:23.274 [6540:10028:0518/180823.273:ERROR:device_event_log_impl.cc(214)] [18:08:23.273] USB: usb_device_handle_win.cc:1054 Failed to read descriptor from node connection: A device attached to the system is not functioning. (0x1F)
May 18, 2021 18:08:23.411 [6540:10732:0518/180823.411:ERROR:connection_factory_impl.cc(428)] Failed to connect to MCS endpoint with error -106
May 18, 2021 18:08:52.519 [6540:10732:0518/180852.518:ERROR:connection_factory_impl.cc(428)] Failed to connect to MCS endpoint with error -106
May 18, 2021 18:09:45.629 [6540:10732:0518/180945.629:ERROR:connection_factory_impl.cc(428)] Failed to connect to MCS endpoint with error -106
May 18, 2021 18:11:41.797 [6540:10732:0518/181141.797:ERROR:connection_factory_impl.cc(428)] Failed to connect to MCS endpoint with error -106

May 19, 2021 19:03:32.156 NEW SESSION
May 19, 2021 19:03:32.156 [11004:10892:0519/190332.152:ERROR:device_event_log_impl.cc(214)] [19:03:32.152] USB: usb_device_handle_win.cc:1054 Failed to read descriptor from node connection: A device attached to the system is not functioning. (0x1F)
May 19, 2021 19:03:32.196 [11004:10892:0519/190332.153:ERROR:device_event_log_impl.cc(214)] [19:03:32.154] USB: usb_device_handle_win.cc:1054 Failed to read descriptor from node connection: A device attached to the system is not functioning. (0x1F)
May 19, 2021 19:03:32.465 [11004:1052:0519/190332.464:ERROR:connection_factory_impl.cc(428)] Failed to connect to MCS endpoint with error -106
May 19, 2021 19:03:58.886 [11004:1052:0519/190358.886:ERROR:connection_factory_impl.cc(428)] Failed to connect to MCS endpoint with error -106
May 19, 2021 19:05:44.443 [5868:1164:0519/190544.443:ERROR:device_event_log_impl.cc(214)] [19:05:44.443] USB: usb_device_handle_win.cc:1054 Failed to read descriptor from node connection: A device attached to the system is not functioning. (0x1F)
May 19, 2021 19:05:44.444 [5868:1164:0519/190544.444:ERROR:device_event_log_impl.cc(214)] [19:05:44.444] USB: usb_device_handle_win.cc:1054 Failed to read descriptor from node connection: A device attached to the system is not functioning. (0x1F)
May 19, 2021 19:05:44.495 [5868:1920:0519/190544.495:ERROR:connection_factory_impl.cc(428)] Failed to connect to MCS endpoint with error -106
May 19, 2021 19:06:07.593 [5868:1920:0519/190607.593:ERROR:connection_factory_impl.cc(428)] Failed to connect to MCS endpoint with error -106
May 19, 2021 19:06:48.333 [5868:1920:0519/190648.333:ERROR:connection_factory_impl.cc(428)] Failed to connect to MCS endpoint with error -106
May 19, 2021 19:09:40.326 [3112:8584:0519/190940.326:ERROR:device_event_log_impl.cc(214)] [19:09:40.326] USB: usb_device_handle_win.cc:1054 Failed to read descriptor from node connection: A device attached to the system is not functioning. (0x1F)
May 19, 2021 19:09:40.328 [3112:8584:0519/190940.327:ERROR:device_event_log_impl.cc(214)] [19:09:40.327] USB: usb_device_handle_win.cc:1054 Failed to read descriptor from node connection: A device attached to the system is not functioning. (0x1F)
May 19, 2021 19:09:40.397 [3112:10236:0519/190940.396:ERROR:connection_factory_impl.cc(428)] Failed to connect to MCS endpoint with error -106
May 19, 2021 19:10:05.631 [3112:10236:0519/191005.631:ERROR:connection_factory_impl.cc(428)] Failed to connect to MCS endpoint with error -106
May 19, 2021 19:11:01.278 [3112:10236:0519/191101.277:ERROR:connection_factory_impl.cc(428)] Failed to connect to MCS endpoint with error -106
May 19, 2021 19:12:06.442 [4632:9272:0519/191206.441:ERROR:device_event_log_impl.cc(214)] [19:12:06.441] USB: usb_device_handle_win.cc:1054 Failed to read descriptor from node connection: A device attached to the system is not functioning. (0x1F)
May 19, 2021 19:12:06.442 [4632:9272:0519/191206.442:ERROR:device_event_log_impl.cc(214)] [19:12:06.442] USB: usb_device_handle_win.cc:1054 Failed to read descriptor from node connection: A device attached to the system is not functioning. (0x1F)
May 19, 2021 19:12:06.523 [4632:5064:0519/191206.523:ERROR:connection_factory_impl.cc(428)] Failed to connect to MCS endpoint with error -106
May 19, 2021 19:13:27.507 [10456:5188:0519/191327.506:ERROR:device_event_log_impl.cc(214)] [19:13:27.507] USB: usb_device_handle_win.cc:1054 Failed to read descriptor from node connection: A device attached to the system is not functioning. (0x1F)
May 19, 2021 19:13:27.509 [10456:5188:0519/191327.509:ERROR:device_event_log_impl.cc(214)] [19:13:27.509] USB: usb_device_handle_win.cc:1054 Failed to read descriptor from node connection: A device attached to the system is not functioning. (0x1F)
May 19, 2021 19:13:27.570 [10456:7560:0519/191327.569:ERROR:connection_factory_impl.cc(428)] Failed to connect to MCS endpoint with error -106
May 19, 2021 19:13:53.626 [10456:7560:0519/191353.625:ERROR:connection_factory_impl.cc(428)] Failed to connect to MCS endpoint with error -106
May 19, 2021 19:22:53.236 [6640:9772:0519/192253.236:ERROR:device_event_log_impl.cc(214)] [19:22:53.236] USB: usb_device_handle_win.cc:1054 Failed to read descriptor from node connection: A device attached to the system is not functioning. (0x1F)
May 19, 2021 19:22:53.292 [6640:9772:0519/192253.292:ERROR:device_event_log_impl.cc(214)] [19:22:53.292] USB: usb_device_handle_win.cc:1054 Failed to read descriptor from node connection: A device attached to the system is not functioning. (0x1F)
May 19, 2021 19:22:53.662 [6640:11072:0519/192253.662:ERROR:connection_factory_impl.cc(428)] Failed to connect to MCS endpoint with error -106
May 19, 2021 19:23:21.970 [6640:11072:0519/192321.969:ERROR:connection_factory_impl.cc(428)] Failed to connect to MCS endpoint with error -106
May 19, 2021 19:24:58.300 [5500:10760:0519/192458.300:ERROR:device_event_log_impl.cc(214)] [19:24:58.300] USB: usb_device_handle_win.cc:1054 Failed to read descriptor from node connection: A device attached to the system is not functioning. (0x1F)
May 19, 2021 19:24:58.300 [5500:10760:0519/192458.300:ERROR:device_event_log_impl.cc(214)] [19:24:58.300] USB: usb_device_handle_win.cc:1054 Failed to read descriptor from node connection: A device attached to the system is not functioning. (0x1F)
May 19, 2021 19:24:58.491 [5500:9388:0519/192458.491:ERROR:connection_factory_impl.cc(428)] Failed to connect to MCS endpoint with error -106
May 19, 2021 19:25:24.258 [5500:9388:0519/192524.258:ERROR:connection_factory_impl.cc(428)] Failed to connect to MCS endpoint with error -106
May 19, 2021 19:34:22.968 [4872:8436:0519/193422.968:ERROR:device_event_log_impl.cc(214)] [19:34:22.968] USB: usb_device_handle_win.cc:1054 Failed to read descriptor from node connection: A device attached to the system is not functioning. (0x1F)
May 19, 2021 19:34:22.969 [4872:8436:0519/193422.968:ERROR:device_event_log_impl.cc(214)] [19:34:22.969] USB: usb_device_handle_win.cc:1054 Failed to read descriptor from node connection: A device attached to the system is not functioning. (0x1F)
May 19, 2021 19:34:23.22 [4872:9924:0519/193423.021:ERROR:connection_factory_impl.cc(428)] Failed to connect to MCS endpoint with error -106
May 19, 2021 19:34:43.125 [4872:9924:0519/193443.125:ERROR:connection_factory_impl.cc(428)] Failed to connect to MCS endpoint with error -106

May 23, 2021 17:19:11.248 NEW SESSION
May 23, 2021 17:19:11.248 [9372:4004:0523/171911.243:ERROR:device_event_log_impl.cc(214)] [17:19:11.243] USB: usb_device_handle_win.cc:1054 Failed to read descriptor from node connection: A device attached to the system is not functioning. (0x1F)
May 23, 2021 17:19:11.272 [9372:4004:0523/171911.244:ERROR:device_event_log_impl.cc(214)] [17:19:11.244] USB: usb_device_handle_win.cc:1054 Failed to read descriptor from node connection: A device attached to the system is not functioning. (0x1F)
May 23, 2021 17:19:11.521 [9372:6108:0523/171911.521:ERROR:connection_factory_impl.cc(428)] Failed to connect to MCS endpoint with error -106
May 23, 2021 17:19:34.459 [9372:6108:0523/171934.459:ERROR:connection_factory_impl.cc(428)] Failed to connect to MCS endpoint with error -106
May 23, 2021 17:19:35.118 [9372:4004:0523/171935.117:ERROR:account_info_fetcher.cc(60)] OnGetTokenFailure: Connection failed (-106).
May 23, 2021 17:19:35.627 [9372:4004:0523/171935.626:ERROR:account_info_fetcher.cc(60)] OnGetTokenFailure: Connection failed (-106).
May 23, 2021 17:20:23.815 [9372:6108:0523/172023.815:ERROR:connection_factory_impl.cc(428)] Failed to connect to MCS endpoint with error -106
May 23, 2021 17:26:57.439 [8316:9544:0523/172657.438:ERROR:device_event_log_impl.cc(214)] [17:26:57.437] USB: usb_device_handle_win.cc:1054 Failed to read descriptor from node connection: A device attached to the system is not functioning. (0x1F)
May 23, 2021 17:26:57.440 [8316:9544:0523/172657.439:ERROR:device_event_log_impl.cc(214)] [17:26:57.439] USB: usb_device_handle_win.cc:1054 Failed to read descriptor from node connection: A device attached to the system is not functioning. (0x1F)
May 23, 2021 17:26:57.499 [8316:5244:0523/172657.499:ERROR:connection_factory_impl.cc(428)] Failed to connect to MCS endpoint with error -106
May 23, 2021 17:27:22.147 [8316:5244:0523/172722.146:ERROR:connection_factory_impl.cc(428)] Failed to connect to MCS endpoint with error -106
May 23, 2021 17:28:15.103 [8316:5244:0523/172815.103:ERROR:connection_factory_impl.cc(428)] Failed to connect to MCS endpoint with error -106
May 23, 2021 17:30:35.840 [9860:9300:0523/173035.839:ERROR:device_event_log_impl.cc(214)] [17:30:35.839] USB: usb_device_handle_win.cc:1054 Failed to read descriptor from node connection: A device attached to the system is not functioning. (0x1F)
May 23, 2021 17:30:35.844 [9860:9300:0523/173035.842:ERROR:device_event_log_impl.cc(214)] [17:30:35.842] USB: usb_device_handle_win.cc:1054 Failed to read descriptor from node connection: A device attached to the system is not functioning. (0x1F)
May 23, 2021 17:30:36.237 [9860:9220:0523/173036.237:ERROR:connection_factory_impl.cc(428)] Failed to connect to MCS endpoint with error -106
May 23, 2021 17:31:01.710 [9860:9220:0523/173101.709:ERROR:connection_factory_impl.cc(428)] Failed to connect to MCS endpoint with error -106
May 23, 2021 17:31:47.405 [9860:9220:0523/173147.404:ERROR:connection_factory_impl.cc(428)] Failed to connect to MCS endpoint with error -106
May 23, 2021 17:36:13.491 [9912:9208:0523/173613.491:ERROR:device_event_log_impl.cc(214)] [17:36:13.490] USB: usb_device_handle_win.cc:1054 Failed to read descriptor from node connection: A device attached to the system is not functioning. (0x1F)
May 23, 2021 17:36:13.493 [9912:9208:0523/173613.492:ERROR:device_event_log_impl.cc(214)] [17:36:13.491] USB: usb_device_handle_win.cc:1054 Failed to read descriptor from node connection: A device attached to the system is not functioning. (0x1F)
May 23, 2021 17:36:14.210 [9912:9652:0523/173614.209:ERROR:connection_factory_impl.cc(428)] Failed to connect to MCS endpoint with error -106
