07:42:46.978 [main] DEBUG - Parsing relationship: /_rels/.rels
07:42:47.000 [main] DEBUG - using default POIXMLDocumentPart for http://schemas.openxmlformats.org/officeDocument/2006/relationships/printerSettings
07:43:02.204 [main] INFO  - Goto my account-->Click on Login.. 
07:43:02.768 [main] DEBUG - Parsing relationship: /xl/_rels/workbook.xml.rels
07:43:02.771 [main] DEBUG - Parsing relationship: /xl/worksheets/_rels/sheet1.xml.rels
07:43:02.772 [main] DEBUG - Parsing relationship: /_rels/.rels
07:43:02.783 [main] DEBUG - using default POIXMLDocumentPart for http://schemas.openxmlformats.org/officeDocument/2006/relationships/printerSettings
07:43:18.446 [main] INFO  - Goto my account-->Click on Login.. 
07:43:19.010 [main] DEBUG - Parsing relationship: /xl/_rels/workbook.xml.rels
07:43:19.012 [main] DEBUG - Parsing relationship: /xl/worksheets/_rels/sheet1.xml.rels
07:43:19.013 [main] DEBUG - Parsing relationship: /_rels/.rels
07:43:19.027 [main] DEBUG - using default POIXMLDocumentPart for http://schemas.openxmlformats.org/officeDocument/2006/relationships/printerSettings
07:50:24.166 [main] INFO  - Goto my account-->Click on Login.. 
07:50:24.723 [main] INFO  - Entering email and password.. 
07:50:25.689 [main] INFO  - clicked on login button...
07:52:42.486 [main] INFO  - Goto my account-->Click on Login.. 
07:52:42.985 [main] INFO  - Entering email and password.. 
07:52:43.714 [main] INFO  - clicked on login button...
07:55:08.684 [main] INFO  - Goto my account-->Click on Login.. 
07:55:09.306 [main] INFO  - Entering email and password.. 
07:55:10.334 [main] INFO  - clicked on login button...
07:58:17.907 [main] INFO  - Goto my account-->Click on Login.. 
07:58:18.457 [main] INFO  - Entering email and password.. 
07:58:19.518 [main] INFO  - clicked on login button...
07:58:53.684 [main] INFO  - Goto my account-->Click on Login.. 
07:58:54.303 [main] INFO  - Entering email and password.. 
07:58:55.417 [main] INFO  - clicked on login button...
08:02:13.596 [main] INFO  - Goto my account-->Click on Login.. 
08:02:14.126 [main] INFO  - Entering email and password.. 
08:02:15.149 [main] INFO  - clicked on login button...
08:04:47.286 [main] INFO  - Goto my account-->Click on Login.. 
08:04:47.822 [main] INFO  - Entering email and password.. 
08:04:48.799 [main] INFO  - clicked on login button...
06:38:57.008 [main] INFO  - Goto my account-->Click on Login.. 
06:38:57.510 [main] INFO  - Entering email and password.. 
06:38:58.494 [main] INFO  - clicked on login button...
20:02:04.857 [main] INFO  - Goto my account-->Click on Login.. 
20:02:06.067 [main] DEBUG - Parsing relationship: /xl/_rels/workbook.xml.rels
20:02:06.072 [main] DEBUG - Parsing relationship: /xl/worksheets/_rels/sheet1.xml.rels
20:02:06.077 [main] DEBUG - Parsing relationship: /_rels/.rels
20:02:06.488 [main] TRACE - Loading type system org.apache.poi.schemas.ooxml.system.ooxml
20:02:06.495 [main] TRACE - Loading type system org.apache.xmlbeans.metadata.system.sXMLCONFIG
20:02:06.495 [main] TRACE - Loading type system org.apache.xmlbeans.metadata.system.sXMLLANG
20:02:06.496 [main] TRACE - Loading type system org.apache.xmlbeans.metadata.system.sXMLSCHEMA
20:02:06.497 [main] TRACE - Loading type system org.apache.xmlbeans.metadata.system.sXMLTOOLS
20:02:06.499 [main] TRACE - Reading unresolved handles for type system org.apache.xmlbeans.metadata.system.sXMLTOOLS
20:02:06.532 [main] TRACE - Finished loading type system org.apache.xmlbeans.metadata.system.sXMLTOOLS
20:02:06.534 [main] TRACE - Reading unresolved handles for type system org.apache.xmlbeans.metadata.system.sXMLSCHEMA
20:02:06.545 [main] TRACE - Finished loading type system org.apache.xmlbeans.metadata.system.sXMLSCHEMA
20:02:06.547 [main] TRACE - Reading unresolved handles for type system org.apache.xmlbeans.metadata.system.sXMLLANG
20:02:06.548 [main] TRACE - Finished loading type system org.apache.xmlbeans.metadata.system.sXMLLANG
20:02:06.550 [main] TRACE - Reading unresolved handles for type system org.apache.xmlbeans.metadata.system.sXMLCONFIG
20:02:06.552 [main] TRACE - Finished loading type system org.apache.xmlbeans.metadata.system.sXMLCONFIG
20:02:06.554 [main] TRACE - Reading unresolved handles for type system org.apache.poi.schemas.ooxml.system.ooxml
20:02:06.647 [main] TRACE - Finished loading type system org.apache.poi.schemas.ooxml.system.ooxml
20:02:06.648 [main] TRACE - Resolving type for handle themefd26doctype
20:02:06.828 [main] TRACE - Resolving type for handle stylesheet5d8bdoctype
20:02:06.838 [main] TRACE - Resolving type for handle ctstylesheet4257type
20:02:06.855 [main] TRACE - Resolving type for handle ctfonts6623type
20:02:06.861 [main] TRACE - Resolving type for handle ctfont14d8type
20:02:06.870 [main] TRACE - Resolving type for handle ctfills2c6ftype
20:02:06.885 [main] TRACE - Resolving type for handle ctfill550ctype
20:02:06.890 [main] TRACE - Resolving type for handle ctborders0d66type
20:02:06.910 [main] TRACE - Resolving type for handle ctborderf935type
20:02:06.915 [main] TRACE - Resolving type for handle ctcellxfs1322type
20:02:06.922 [main] TRACE - Resolving type for handle ctxf97f7type
20:02:06.926 [main] TRACE - Resolving type for handle ctcellstylexfsa81ftype
20:02:06.930 [main] TRACE - Resolving type for handle ctdxfsb26atype
20:02:06.935 [main] TRACE - Resolving type for handle cttablestyles872ftype
20:02:06.941 [main] TRACE - Resolving type for handle sstf81fdoctype
20:02:06.949 [main] TRACE - Resolving type for handle ctsst44f3type
20:02:06.982 [main] TRACE - Resolving type for handle ctrsta472type
20:02:07.025 [main] DEBUG - using default POIXMLDocumentPart for http://schemas.openxmlformats.org/officeDocument/2006/relationships/printerSettings
20:02:07.027 [main] TRACE - Resolving type for handle workbookec17doctype
20:02:07.035 [main] TRACE - Resolving type for handle ctworkbook83c3type
20:02:07.046 [main] TRACE - Resolving type for handle ctsheets49fdtype
20:02:07.050 [main] TRACE - Resolving type for handle ctsheet4dbetype
20:02:07.054 [main] TRACE - Resolving type for handle strelationshipid1e94type
20:02:07.059 [main] TRACE - Resolving type for handle worksheetf539doctype
20:02:07.071 [main] TRACE - Resolving type for handle ctworksheet530dtype
20:02:07.086 [main] TRACE - Resolving type for handle ctsheetdata8408type
20:02:07.092 [main] TRACE - Resolving type for handle ctrowdd39type
20:02:07.104 [main] TRACE - Resolving type for handle ctcell842btype
20:02:07.134 [main] TRACE - Resolving type for handle stcellrefe4e0type
20:02:07.167 [main] TRACE - Resolving type for handle ctcols627ctype
20:02:07.180 [main] TRACE - Resolving type for handle ctcola95ftype
20:02:07.213 [main] TRACE - Resolving type for handle cthyperlinks6416type
20:02:07.219 [main] TRACE - Resolving type for handle cthyperlink0c85type
20:02:07.254 [main] TRACE - Resolving type for handle stxstringf179type
20:02:07.264 [main] TRACE - Resolving type for handle stcelltypebf95type
20:02:16.927 [main] INFO  - Goto my account-->Click on Login.. 
20:02:17.652 [main] DEBUG - Parsing relationship: /xl/_rels/workbook.xml.rels
20:02:17.655 [main] DEBUG - Parsing relationship: /xl/worksheets/_rels/sheet1.xml.rels
20:02:17.658 [main] DEBUG - Parsing relationship: /_rels/.rels
20:02:17.754 [main] DEBUG - using default POIXMLDocumentPart for http://schemas.openxmlformats.org/officeDocument/2006/relationships/printerSettings
20:02:36.242 [main] INFO  - Goto my account-->Click on Login.. 
20:02:37.408 [main] DEBUG - Parsing relationship: /xl/_rels/workbook.xml.rels
20:02:37.409 [main] DEBUG - Parsing relationship: /xl/worksheets/_rels/sheet1.xml.rels
20:02:37.412 [main] DEBUG - Parsing relationship: /_rels/.rels
20:02:37.432 [main] DEBUG - using default POIXMLDocumentPart for http://schemas.openxmlformats.org/officeDocument/2006/relationships/printerSettings
20:02:55.785 [main] INFO  - Goto my account-->Click on Login.. 
20:02:56.785 [main] DEBUG - Parsing relationship: /xl/_rels/workbook.xml.rels
20:02:56.787 [main] DEBUG - Parsing relationship: /xl/worksheets/_rels/sheet1.xml.rels
20:02:56.789 [main] DEBUG - Parsing relationship: /_rels/.rels
20:02:56.907 [main] DEBUG - using default POIXMLDocumentPart for http://schemas.openxmlformats.org/officeDocument/2006/relationships/printerSettings
20:03:19.144 [main] INFO  - Goto my account-->Click on Login.. 
20:03:20.069 [main] DEBUG - Parsing relationship: /xl/_rels/workbook.xml.rels
20:03:20.071 [main] DEBUG - Parsing relationship: /xl/worksheets/_rels/sheet1.xml.rels
20:03:20.073 [main] DEBUG - Parsing relationship: /_rels/.rels
20:03:20.102 [main] DEBUG - using default POIXMLDocumentPart for http://schemas.openxmlformats.org/officeDocument/2006/relationships/printerSettings
22:27:55.188 [main] INFO  - Goto my account-->Click on Login.. 
22:27:58.335 [main] DEBUG - Parsing relationship: /xl/_rels/workbook.xml.rels
22:27:58.339 [main] DEBUG - Parsing relationship: /xl/worksheets/_rels/sheet1.xml.rels
22:27:58.343 [main] DEBUG - Parsing relationship: /_rels/.rels
22:27:59.666 [main] TRACE - Loading type system org.apache.poi.schemas.ooxml.system.ooxml
22:27:59.690 [main] TRACE - Loading type system org.apache.xmlbeans.metadata.system.sXMLCONFIG
22:27:59.691 [main] TRACE - Loading type system org.apache.xmlbeans.metadata.system.sXMLLANG
22:27:59.692 [main] TRACE - Loading type system org.apache.xmlbeans.metadata.system.sXMLSCHEMA
22:27:59.693 [main] TRACE - Loading type system org.apache.xmlbeans.metadata.system.sXMLTOOLS
22:27:59.695 [main] TRACE - Reading unresolved handles for type system org.apache.xmlbeans.metadata.system.sXMLTOOLS
22:27:59.735 [main] TRACE - Finished loading type system org.apache.xmlbeans.metadata.system.sXMLTOOLS
22:27:59.737 [main] TRACE - Reading unresolved handles for type system org.apache.xmlbeans.metadata.system.sXMLSCHEMA
22:27:59.756 [main] TRACE - Finished loading type system org.apache.xmlbeans.metadata.system.sXMLSCHEMA
22:27:59.758 [main] TRACE - Reading unresolved handles for type system org.apache.xmlbeans.metadata.system.sXMLLANG
22:27:59.780 [main] TRACE - Finished loading type system org.apache.xmlbeans.metadata.system.sXMLLANG
22:27:59.781 [main] TRACE - Reading unresolved handles for type system org.apache.xmlbeans.metadata.system.sXMLCONFIG
22:27:59.827 [main] TRACE - Finished loading type system org.apache.xmlbeans.metadata.system.sXMLCONFIG
22:27:59.829 [main] TRACE - Reading unresolved handles for type system org.apache.poi.schemas.ooxml.system.ooxml
22:28:00.084 [main] TRACE - Finished loading type system org.apache.poi.schemas.ooxml.system.ooxml
22:28:00.222 [main] TRACE - Resolving type for handle themefd26doctype
22:28:00.575 [main] TRACE - Resolving type for handle stylesheet5d8bdoctype
22:28:00.587 [main] TRACE - Resolving type for handle ctstylesheet4257type
22:28:00.623 [main] TRACE - Resolving type for handle ctfonts6623type
22:28:00.631 [main] TRACE - Resolving type for handle ctfont14d8type
22:28:00.660 [main] TRACE - Resolving type for handle ctfills2c6ftype
22:28:00.676 [main] TRACE - Resolving type for handle ctfill550ctype
22:28:00.680 [main] TRACE - Resolving type for handle ctborders0d66type
22:28:00.712 [main] TRACE - Resolving type for handle ctborderf935type
22:28:00.719 [main] TRACE - Resolving type for handle ctcellxfs1322type
22:28:00.738 [main] TRACE - Resolving type for handle ctxf97f7type
22:28:00.745 [main] TRACE - Resolving type for handle ctcellstylexfsa81ftype
22:28:00.751 [main] TRACE - Resolving type for handle ctdxfsb26atype
22:28:00.758 [main] TRACE - Resolving type for handle cttablestyles872ftype
22:28:00.781 [main] TRACE - Resolving type for handle sstf81fdoctype
22:28:00.791 [main] TRACE - Resolving type for handle ctsst44f3type
22:28:00.870 [main] TRACE - Resolving type for handle ctrsta472type
22:28:00.950 [main] DEBUG - using default POIXMLDocumentPart for http://schemas.openxmlformats.org/officeDocument/2006/relationships/printerSettings
22:28:00.952 [main] TRACE - Resolving type for handle workbookec17doctype
22:28:00.962 [main] TRACE - Resolving type for handle ctworkbook83c3type
22:28:00.987 [main] TRACE - Resolving type for handle ctsheets49fdtype
22:28:01.041 [main] TRACE - Resolving type for handle ctsheet4dbetype
22:28:01.046 [main] TRACE - Resolving type for handle strelationshipid1e94type
22:28:01.053 [main] TRACE - Resolving type for handle worksheetf539doctype
22:28:01.084 [main] TRACE - Resolving type for handle ctworksheet530dtype
22:28:01.150 [main] TRACE - Resolving type for handle ctsheetdata8408type
22:28:01.163 [main] TRACE - Resolving type for handle ctrowdd39type
22:28:01.174 [main] TRACE - Resolving type for handle ctcell842btype
22:28:01.267 [main] TRACE - Resolving type for handle stcellrefe4e0type
22:28:01.290 [main] TRACE - Resolving type for handle ctcols627ctype
22:28:01.307 [main] TRACE - Resolving type for handle ctcola95ftype
22:28:01.391 [main] TRACE - Resolving type for handle cthyperlinks6416type
22:28:01.396 [main] TRACE - Resolving type for handle cthyperlink0c85type
22:28:01.466 [main] TRACE - Resolving type for handle stxstringf179type
22:28:01.474 [main] TRACE - Resolving type for handle stcelltypebf95type
22:28:10.127 [main] INFO  - Goto my account-->Click on Login.. 
22:28:11.094 [main] DEBUG - Parsing relationship: /xl/_rels/workbook.xml.rels
22:28:11.125 [main] DEBUG - Parsing relationship: /xl/worksheets/_rels/sheet1.xml.rels
22:28:11.134 [main] DEBUG - Parsing relationship: /_rels/.rels
22:28:11.185 [main] DEBUG - using default POIXMLDocumentPart for http://schemas.openxmlformats.org/officeDocument/2006/relationships/printerSettings
22:28:28.722 [main] INFO  - Goto my account-->Click on Login.. 
22:28:29.359 [main] DEBUG - Parsing relationship: /xl/_rels/workbook.xml.rels
22:28:29.366 [main] DEBUG - Parsing relationship: /xl/worksheets/_rels/sheet1.xml.rels
22:28:29.373 [main] DEBUG - Parsing relationship: /_rels/.rels
22:28:29.428 [main] DEBUG - using default POIXMLDocumentPart for http://schemas.openxmlformats.org/officeDocument/2006/relationships/printerSettings
22:28:38.428 [main] INFO  - Goto my account-->Click on Login.. 
22:28:39.126 [main] DEBUG - Parsing relationship: /xl/_rels/workbook.xml.rels
22:28:39.138 [main] DEBUG - Parsing relationship: /xl/worksheets/_rels/sheet1.xml.rels
22:28:39.142 [main] DEBUG - Parsing relationship: /_rels/.rels
22:28:39.197 [main] DEBUG - using default POIXMLDocumentPart for http://schemas.openxmlformats.org/officeDocument/2006/relationships/printerSettings
22:28:57.373 [main] INFO  - Goto my account-->Click on Login.. 
22:28:57.990 [main] DEBUG - Parsing relationship: /xl/_rels/workbook.xml.rels
22:28:57.993 [main] DEBUG - Parsing relationship: /xl/worksheets/_rels/sheet1.xml.rels
22:28:57.994 [main] DEBUG - Parsing relationship: /_rels/.rels
22:28:58.045 [main] DEBUG - using default POIXMLDocumentPart for http://schemas.openxmlformats.org/officeDocument/2006/relationships/printerSettings
19:35:11.687 [main] INFO  - Goto my account-->Click on Login.. 
19:35:14.997 [main] DEBUG - Parsing relationship: /xl/_rels/workbook.xml.rels
19:35:15.003 [main] DEBUG - Parsing relationship: /xl/worksheets/_rels/sheet1.xml.rels
19:35:15.009 [main] DEBUG - Parsing relationship: /_rels/.rels
19:35:16.474 [main] TRACE - Loading type system org.apache.poi.schemas.ooxml.system.ooxml
19:35:16.520 [main] TRACE - Loading type system org.apache.xmlbeans.metadata.system.sXMLCONFIG
19:35:16.521 [main] TRACE - Loading type system org.apache.xmlbeans.metadata.system.sXMLLANG
19:35:16.522 [main] TRACE - Loading type system org.apache.xmlbeans.metadata.system.sXMLSCHEMA
19:35:16.523 [main] TRACE - Loading type system org.apache.xmlbeans.metadata.system.sXMLTOOLS
19:35:16.525 [main] TRACE - Reading unresolved handles for type system org.apache.xmlbeans.metadata.system.sXMLTOOLS
19:35:16.768 [main] TRACE - Finished loading type system org.apache.xmlbeans.metadata.system.sXMLTOOLS
19:35:16.771 [main] TRACE - Reading unresolved handles for type system org.apache.xmlbeans.metadata.system.sXMLSCHEMA
19:35:16.807 [main] TRACE - Finished loading type system org.apache.xmlbeans.metadata.system.sXMLSCHEMA
19:35:16.811 [main] TRACE - Reading unresolved handles for type system org.apache.xmlbeans.metadata.system.sXMLLANG
19:35:16.830 [main] TRACE - Finished loading type system org.apache.xmlbeans.metadata.system.sXMLLANG
19:35:16.832 [main] TRACE - Reading unresolved handles for type system org.apache.xmlbeans.metadata.system.sXMLCONFIG
19:35:16.833 [main] TRACE - Finished loading type system org.apache.xmlbeans.metadata.system.sXMLCONFIG
19:35:16.835 [main] TRACE - Reading unresolved handles for type system org.apache.poi.schemas.ooxml.system.ooxml
19:35:16.955 [main] TRACE - Finished loading type system org.apache.poi.schemas.ooxml.system.ooxml
19:35:16.969 [main] TRACE - Resolving type for handle themefd26doctype
19:35:17.102 [main] TRACE - Resolving type for handle stylesheet5d8bdoctype
19:35:17.109 [main] TRACE - Resolving type for handle ctstylesheet4257type
19:35:17.148 [main] TRACE - Resolving type for handle ctfonts6623type
19:35:17.155 [main] TRACE - Resolving type for handle ctfont14d8type
19:35:17.166 [main] TRACE - Resolving type for handle ctfills2c6ftype
19:35:17.179 [main] TRACE - Resolving type for handle ctfill550ctype
19:35:17.183 [main] TRACE - Resolving type for handle ctborders0d66type
19:35:17.190 [main] TRACE - Resolving type for handle ctborderf935type
19:35:17.196 [main] TRACE - Resolving type for handle ctcellxfs1322type
19:35:17.202 [main] TRACE - Resolving type for handle ctxf97f7type
19:35:17.206 [main] TRACE - Resolving type for handle ctcellstylexfsa81ftype
19:35:17.212 [main] TRACE - Resolving type for handle ctdxfsb26atype
19:35:17.234 [main] TRACE - Resolving type for handle cttablestyles872ftype
19:35:17.240 [main] TRACE - Resolving type for handle sstf81fdoctype
19:35:17.251 [main] TRACE - Resolving type for handle ctsst44f3type
19:35:17.358 [main] TRACE - Resolving type for handle ctrsta472type
19:35:17.380 [main] DEBUG - using default POIXMLDocumentPart for http://schemas.openxmlformats.org/officeDocument/2006/relationships/printerSettings
19:35:17.399 [main] TRACE - Resolving type for handle workbookec17doctype
19:35:17.406 [main] TRACE - Resolving type for handle ctworkbook83c3type
19:35:17.457 [main] TRACE - Resolving type for handle ctsheets49fdtype
19:35:17.461 [main] TRACE - Resolving type for handle ctsheet4dbetype
19:35:17.464 [main] TRACE - Resolving type for handle strelationshipid1e94type
19:35:17.469 [main] TRACE - Resolving type for handle worksheetf539doctype
19:35:17.476 [main] TRACE - Resolving type for handle ctworksheet530dtype
19:35:17.484 [main] TRACE - Resolving type for handle ctsheetdata8408type
19:35:17.512 [main] TRACE - Resolving type for handle ctrowdd39type
19:35:17.562 [main] TRACE - Resolving type for handle ctcell842btype
19:35:17.669 [main] TRACE - Resolving type for handle stcellrefe4e0type
19:35:17.802 [main] TRACE - Resolving type for handle ctcols627ctype
19:35:17.877 [main] TRACE - Resolving type for handle ctcola95ftype
19:35:17.965 [main] TRACE - Resolving type for handle cthyperlinks6416type
19:35:17.980 [main] TRACE - Resolving type for handle cthyperlink0c85type
19:35:18.012 [main] TRACE - Resolving type for handle stxstringf179type
19:35:18.022 [main] TRACE - Resolving type for handle stcelltypebf95type
19:42:39.592 [main] INFO  - Goto my account-->Click on Login.. 
19:42:43.769 [main] DEBUG - Parsing relationship: /xl/_rels/workbook.xml.rels
19:42:43.774 [main] DEBUG - Parsing relationship: /xl/worksheets/_rels/sheet1.xml.rels
19:42:43.778 [main] DEBUG - Parsing relationship: /_rels/.rels
19:42:45.175 [main] TRACE - Loading type system org.apache.poi.schemas.ooxml.system.ooxml
19:42:45.188 [main] TRACE - Loading type system org.apache.xmlbeans.metadata.system.sXMLCONFIG
19:42:45.189 [main] TRACE - Loading type system org.apache.xmlbeans.metadata.system.sXMLLANG
19:42:45.189 [main] TRACE - Loading type system org.apache.xmlbeans.metadata.system.sXMLSCHEMA
19:42:45.190 [main] TRACE - Loading type system org.apache.xmlbeans.metadata.system.sXMLTOOLS
19:42:45.192 [main] TRACE - Reading unresolved handles for type system org.apache.xmlbeans.metadata.system.sXMLTOOLS
19:42:45.212 [main] TRACE - Finished loading type system org.apache.xmlbeans.metadata.system.sXMLTOOLS
19:42:45.213 [main] TRACE - Reading unresolved handles for type system org.apache.xmlbeans.metadata.system.sXMLSCHEMA
19:42:45.220 [main] TRACE - Finished loading type system org.apache.xmlbeans.metadata.system.sXMLSCHEMA
19:42:45.222 [main] TRACE - Reading unresolved handles for type system org.apache.xmlbeans.metadata.system.sXMLLANG
19:42:45.224 [main] TRACE - Finished loading type system org.apache.xmlbeans.metadata.system.sXMLLANG
19:42:45.226 [main] TRACE - Reading unresolved handles for type system org.apache.xmlbeans.metadata.system.sXMLCONFIG
19:42:45.228 [main] TRACE - Finished loading type system org.apache.xmlbeans.metadata.system.sXMLCONFIG
19:42:45.230 [main] TRACE - Reading unresolved handles for type system org.apache.poi.schemas.ooxml.system.ooxml
19:42:45.335 [main] TRACE - Finished loading type system org.apache.poi.schemas.ooxml.system.ooxml
19:42:45.360 [main] TRACE - Resolving type for handle themefd26doctype
19:42:45.770 [main] TRACE - Resolving type for handle stylesheet5d8bdoctype
19:42:45.809 [main] TRACE - Resolving type for handle ctstylesheet4257type
19:42:45.870 [main] TRACE - Resolving type for handle ctfonts6623type
19:42:45.874 [main] TRACE - Resolving type for handle ctfont14d8type
19:42:45.892 [main] TRACE - Resolving type for handle ctfills2c6ftype
19:42:45.924 [main] TRACE - Resolving type for handle ctfill550ctype
19:42:45.950 [main] TRACE - Resolving type for handle ctborders0d66type
19:42:46.009 [main] TRACE - Resolving type for handle ctborderf935type
19:42:46.033 [main] TRACE - Resolving type for handle ctcellxfs1322type
19:42:46.065 [main] TRACE - Resolving type for handle ctxf97f7type
19:42:46.079 [main] TRACE - Resolving type for handle ctcellstylexfsa81ftype
19:42:46.095 [main] TRACE - Resolving type for handle ctdxfsb26atype
19:42:46.110 [main] TRACE - Resolving type for handle cttablestyles872ftype
19:42:46.119 [main] TRACE - Resolving type for handle sstf81fdoctype
19:42:46.125 [main] TRACE - Resolving type for handle ctsst44f3type
19:42:46.180 [main] TRACE - Resolving type for handle ctrsta472type
19:42:46.204 [main] DEBUG - using default POIXMLDocumentPart for http://schemas.openxmlformats.org/officeDocument/2006/relationships/printerSettings
19:42:46.221 [main] TRACE - Resolving type for handle workbookec17doctype
19:42:46.238 [main] TRACE - Resolving type for handle ctworkbook83c3type
19:42:46.268 [main] TRACE - Resolving type for handle ctsheets49fdtype
19:42:46.271 [main] TRACE - Resolving type for handle ctsheet4dbetype
19:42:46.286 [main] TRACE - Resolving type for handle strelationshipid1e94type
19:42:46.289 [main] TRACE - Resolving type for handle worksheetf539doctype
19:42:46.315 [main] TRACE - Resolving type for handle ctworksheet530dtype
19:42:46.327 [main] TRACE - Resolving type for handle ctsheetdata8408type
19:42:46.389 [main] TRACE - Resolving type for handle ctrowdd39type
19:42:46.416 [main] TRACE - Resolving type for handle ctcell842btype
19:42:46.456 [main] TRACE - Resolving type for handle stcellrefe4e0type
19:42:46.511 [main] TRACE - Resolving type for handle ctcols627ctype
19:42:46.533 [main] TRACE - Resolving type for handle ctcola95ftype
19:42:46.638 [main] TRACE - Resolving type for handle cthyperlinks6416type
19:42:46.740 [main] TRACE - Resolving type for handle cthyperlink0c85type
19:42:46.835 [main] TRACE - Resolving type for handle stxstringf179type
19:42:46.877 [main] TRACE - Resolving type for handle stcelltypebf95type
19:43:00.869 [main] INFO  - Goto my account-->Click on Login.. 
19:43:02.671 [main] DEBUG - Parsing relationship: /xl/_rels/workbook.xml.rels
19:43:02.672 [main] DEBUG - Parsing relationship: /xl/worksheets/_rels/sheet1.xml.rels
19:43:02.674 [main] DEBUG - Parsing relationship: /_rels/.rels
19:43:02.698 [main] DEBUG - using default POIXMLDocumentPart for http://schemas.openxmlformats.org/officeDocument/2006/relationships/printerSettings
19:43:24.996 [main] INFO  - Goto my account-->Click on Login.. 
19:43:26.716 [main] DEBUG - Parsing relationship: /xl/_rels/workbook.xml.rels
19:43:26.721 [main] DEBUG - Parsing relationship: /xl/worksheets/_rels/sheet1.xml.rels
19:43:26.724 [main] DEBUG - Parsing relationship: /_rels/.rels
19:43:26.743 [main] DEBUG - using default POIXMLDocumentPart for http://schemas.openxmlformats.org/officeDocument/2006/relationships/printerSettings
19:43:47.112 [main] INFO  - Goto my account-->Click on Login.. 
19:43:48.724 [main] DEBUG - Parsing relationship: /xl/_rels/workbook.xml.rels
19:43:48.726 [main] DEBUG - Parsing relationship: /xl/worksheets/_rels/sheet1.xml.rels
19:43:48.728 [main] DEBUG - Parsing relationship: /_rels/.rels
19:43:48.757 [main] DEBUG - using default POIXMLDocumentPart for http://schemas.openxmlformats.org/officeDocument/2006/relationships/printerSettings
19:44:09.032 [main] INFO  - Goto my account-->Click on Login.. 
19:44:10.343 [main] DEBUG - Parsing relationship: /xl/_rels/workbook.xml.rels
19:44:10.345 [main] DEBUG - Parsing relationship: /xl/worksheets/_rels/sheet1.xml.rels
19:44:10.347 [main] DEBUG - Parsing relationship: /_rels/.rels
19:44:10.362 [main] DEBUG - using default POIXMLDocumentPart for http://schemas.openxmlformats.org/officeDocument/2006/relationships/printerSettings
11:31:40.049 [main] INFO  - Goto my account-->Click on Login.. 
11:31:41.406 [main] DEBUG - Parsing relationship: /xl/_rels/workbook.xml.rels
11:31:41.410 [main] DEBUG - Parsing relationship: /xl/worksheets/_rels/sheet1.xml.rels
11:31:41.413 [main] DEBUG - Parsing relationship: /_rels/.rels
11:31:41.630 [main] TRACE - Loading type system org.apache.poi.schemas.ooxml.system.ooxml
11:31:41.633 [main] TRACE - Loading type system org.apache.xmlbeans.metadata.system.sXMLCONFIG
11:31:41.634 [main] TRACE - Loading type system org.apache.xmlbeans.metadata.system.sXMLLANG
11:31:41.634 [main] TRACE - Loading type system org.apache.xmlbeans.metadata.system.sXMLSCHEMA
11:31:41.634 [main] TRACE - Loading type system org.apache.xmlbeans.metadata.system.sXMLTOOLS
11:31:41.636 [main] TRACE - Reading unresolved handles for type system org.apache.xmlbeans.metadata.system.sXMLTOOLS
11:31:41.648 [main] TRACE - Finished loading type system org.apache.xmlbeans.metadata.system.sXMLTOOLS
11:31:41.650 [main] TRACE - Reading unresolved handles for type system org.apache.xmlbeans.metadata.system.sXMLSCHEMA
11:31:41.655 [main] TRACE - Finished loading type system org.apache.xmlbeans.metadata.system.sXMLSCHEMA
11:31:41.656 [main] TRACE - Reading unresolved handles for type system org.apache.xmlbeans.metadata.system.sXMLLANG
11:31:41.658 [main] TRACE - Finished loading type system org.apache.xmlbeans.metadata.system.sXMLLANG
11:31:41.659 [main] TRACE - Reading unresolved handles for type system org.apache.xmlbeans.metadata.system.sXMLCONFIG
11:31:41.660 [main] TRACE - Finished loading type system org.apache.xmlbeans.metadata.system.sXMLCONFIG
11:31:41.662 [main] TRACE - Reading unresolved handles for type system org.apache.poi.schemas.ooxml.system.ooxml
11:31:41.736 [main] TRACE - Finished loading type system org.apache.poi.schemas.ooxml.system.ooxml
11:31:41.737 [main] TRACE - Resolving type for handle themefd26doctype
11:31:41.821 [main] TRACE - Resolving type for handle stylesheet5d8bdoctype
11:31:41.832 [main] TRACE - Resolving type for handle ctstylesheet4257type
11:31:41.840 [main] TRACE - Resolving type for handle ctfonts6623type
11:31:41.845 [main] TRACE - Resolving type for handle ctfont14d8type
11:31:41.858 [main] TRACE - Resolving type for handle ctfills2c6ftype
11:31:41.860 [main] TRACE - Resolving type for handle ctfill550ctype
11:31:41.862 [main] TRACE - Resolving type for handle ctborders0d66type
11:31:41.865 [main] TRACE - Resolving type for handle ctborderf935type
11:31:41.869 [main] TRACE - Resolving type for handle ctcellxfs1322type
11:31:41.872 [main] TRACE - Resolving type for handle ctxf97f7type
11:31:41.876 [main] TRACE - Resolving type for handle ctcellstylexfsa81ftype
11:31:41.878 [main] TRACE - Resolving type for handle ctdxfsb26atype
11:31:41.881 [main] TRACE - Resolving type for handle cttablestyles872ftype
11:31:41.885 [main] TRACE - Resolving type for handle sstf81fdoctype
11:31:41.890 [main] TRACE - Resolving type for handle ctsst44f3type
11:31:41.901 [main] TRACE - Resolving type for handle ctrsta472type
11:31:41.927 [main] DEBUG - using default POIXMLDocumentPart for http://schemas.openxmlformats.org/officeDocument/2006/relationships/printerSettings
11:31:41.928 [main] TRACE - Resolving type for handle workbookec17doctype
11:31:41.935 [main] TRACE - Resolving type for handle ctworkbook83c3type
11:31:41.941 [main] TRACE - Resolving type for handle ctsheets49fdtype
11:31:41.944 [main] TRACE - Resolving type for handle ctsheet4dbetype
11:31:41.947 [main] TRACE - Resolving type for handle strelationshipid1e94type
11:31:41.949 [main] TRACE - Resolving type for handle worksheetf539doctype
11:31:41.958 [main] TRACE - Resolving type for handle ctworksheet530dtype
11:31:41.967 [main] TRACE - Resolving type for handle ctsheetdata8408type
11:31:41.971 [main] TRACE - Resolving type for handle ctrowdd39type
11:31:41.977 [main] TRACE - Resolving type for handle ctcell842btype
11:31:41.984 [main] TRACE - Resolving type for handle stcellrefe4e0type
11:31:41.995 [main] TRACE - Resolving type for handle ctcols627ctype
11:31:41.999 [main] TRACE - Resolving type for handle ctcola95ftype
11:31:42.023 [main] TRACE - Resolving type for handle cthyperlinks6416type
11:31:42.027 [main] TRACE - Resolving type for handle cthyperlink0c85type
11:31:42.034 [main] TRACE - Resolving type for handle stxstringf179type
11:31:42.038 [main] TRACE - Resolving type for handle stcelltypebf95type
11:31:50.178 [main] INFO  - Goto my account-->Click on Login.. 
11:31:51.070 [main] DEBUG - Parsing relationship: /xl/_rels/workbook.xml.rels
11:31:51.072 [main] DEBUG - Parsing relationship: /xl/worksheets/_rels/sheet1.xml.rels
11:31:51.078 [main] DEBUG - Parsing relationship: /_rels/.rels
11:31:51.119 [main] DEBUG - using default POIXMLDocumentPart for http://schemas.openxmlformats.org/officeDocument/2006/relationships/printerSettings
11:32:00.045 [main] INFO  - Goto my account-->Click on Login.. 
11:32:01.841 [main] DEBUG - Parsing relationship: /xl/_rels/workbook.xml.rels
11:32:01.844 [main] DEBUG - Parsing relationship: /xl/worksheets/_rels/sheet1.xml.rels
11:32:01.853 [main] DEBUG - Parsing relationship: /_rels/.rels
11:32:01.888 [main] DEBUG - using default POIXMLDocumentPart for http://schemas.openxmlformats.org/officeDocument/2006/relationships/printerSettings
11:32:09.775 [main] INFO  - Goto my account-->Click on Login.. 
11:32:10.547 [main] DEBUG - Parsing relationship: /xl/_rels/workbook.xml.rels
11:32:10.549 [main] DEBUG - Parsing relationship: /xl/worksheets/_rels/sheet1.xml.rels
11:32:10.551 [main] DEBUG - Parsing relationship: /_rels/.rels
11:32:10.623 [main] DEBUG - using default POIXMLDocumentPart for http://schemas.openxmlformats.org/officeDocument/2006/relationships/printerSettings
11:32:17.699 [main] INFO  - Goto my account-->Click on Login.. 
11:32:19.057 [main] DEBUG - Parsing relationship: /xl/_rels/workbook.xml.rels
11:32:19.062 [main] DEBUG - Parsing relationship: /xl/worksheets/_rels/sheet1.xml.rels
11:32:19.068 [main] DEBUG - Parsing relationship: /_rels/.rels
11:32:19.099 [main] DEBUG - using default POIXMLDocumentPart for http://schemas.openxmlformats.org/officeDocument/2006/relationships/printerSettings
11:34:30.890 [main] INFO  - Goto my account-->Click on Login.. 
11:34:32.298 [main] DEBUG - Parsing relationship: /xl/_rels/workbook.xml.rels
11:34:32.303 [main] DEBUG - Parsing relationship: /xl/worksheets/_rels/sheet1.xml.rels
11:34:32.306 [main] DEBUG - Parsing relationship: /_rels/.rels
11:34:32.523 [main] TRACE - Loading type system org.apache.poi.schemas.ooxml.system.ooxml
11:34:32.526 [main] TRACE - Loading type system org.apache.xmlbeans.metadata.system.sXMLCONFIG
11:34:32.526 [main] TRACE - Loading type system org.apache.xmlbeans.metadata.system.sXMLLANG
11:34:32.527 [main] TRACE - Loading type system org.apache.xmlbeans.metadata.system.sXMLSCHEMA
11:34:32.528 [main] TRACE - Loading type system org.apache.xmlbeans.metadata.system.sXMLTOOLS
11:34:32.529 [main] TRACE - Reading unresolved handles for type system org.apache.xmlbeans.metadata.system.sXMLTOOLS
11:34:32.544 [main] TRACE - Finished loading type system org.apache.xmlbeans.metadata.system.sXMLTOOLS
11:34:32.546 [main] TRACE - Reading unresolved handles for type system org.apache.xmlbeans.metadata.system.sXMLSCHEMA
11:34:32.552 [main] TRACE - Finished loading type system org.apache.xmlbeans.metadata.system.sXMLSCHEMA
11:34:32.554 [main] TRACE - Reading unresolved handles for type system org.apache.xmlbeans.metadata.system.sXMLLANG
11:34:32.555 [main] TRACE - Finished loading type system org.apache.xmlbeans.metadata.system.sXMLLANG
11:34:32.556 [main] TRACE - Reading unresolved handles for type system org.apache.xmlbeans.metadata.system.sXMLCONFIG
11:34:32.557 [main] TRACE - Finished loading type system org.apache.xmlbeans.metadata.system.sXMLCONFIG
11:34:32.558 [main] TRACE - Reading unresolved handles for type system org.apache.poi.schemas.ooxml.system.ooxml
11:34:32.652 [main] TRACE - Finished loading type system org.apache.poi.schemas.ooxml.system.ooxml
11:34:32.653 [main] TRACE - Resolving type for handle themefd26doctype
11:34:32.749 [main] TRACE - Resolving type for handle stylesheet5d8bdoctype
11:34:32.758 [main] TRACE - Resolving type for handle ctstylesheet4257type
11:34:32.765 [main] TRACE - Resolving type for handle ctfonts6623type
11:34:32.770 [main] TRACE - Resolving type for handle ctfont14d8type
11:34:32.778 [main] TRACE - Resolving type for handle ctfills2c6ftype
11:34:32.781 [main] TRACE - Resolving type for handle ctfill550ctype
11:34:32.784 [main] TRACE - Resolving type for handle ctborders0d66type
11:34:32.787 [main] TRACE - Resolving type for handle ctborderf935type
11:34:32.791 [main] TRACE - Resolving type for handle ctcellxfs1322type
11:34:32.794 [main] TRACE - Resolving type for handle ctxf97f7type
11:34:32.798 [main] TRACE - Resolving type for handle ctcellstylexfsa81ftype
11:34:32.801 [main] TRACE - Resolving type for handle ctdxfsb26atype
11:34:32.805 [main] TRACE - Resolving type for handle cttablestyles872ftype
11:34:32.809 [main] TRACE - Resolving type for handle sstf81fdoctype
11:34:32.815 [main] TRACE - Resolving type for handle ctsst44f3type
11:34:32.827 [main] TRACE - Resolving type for handle ctrsta472type
11:34:32.850 [main] DEBUG - using default POIXMLDocumentPart for http://schemas.openxmlformats.org/officeDocument/2006/relationships/printerSettings
11:34:32.851 [main] TRACE - Resolving type for handle workbookec17doctype
11:34:32.857 [main] TRACE - Resolving type for handle ctworkbook83c3type
11:34:32.865 [main] TRACE - Resolving type for handle ctsheets49fdtype
11:34:32.868 [main] TRACE - Resolving type for handle ctsheet4dbetype
11:34:32.870 [main] TRACE - Resolving type for handle strelationshipid1e94type
11:34:32.872 [main] TRACE - Resolving type for handle worksheetf539doctype
11:34:32.880 [main] TRACE - Resolving type for handle ctworksheet530dtype
11:34:32.890 [main] TRACE - Resolving type for handle ctsheetdata8408type
11:34:32.894 [main] TRACE - Resolving type for handle ctrowdd39type
11:34:32.904 [main] TRACE - Resolving type for handle ctcell842btype
11:34:32.913 [main] TRACE - Resolving type for handle stcellrefe4e0type
11:34:32.928 [main] TRACE - Resolving type for handle ctcols627ctype
11:34:32.935 [main] TRACE - Resolving type for handle ctcola95ftype
11:34:32.959 [main] TRACE - Resolving type for handle cthyperlinks6416type
11:34:32.962 [main] TRACE - Resolving type for handle cthyperlink0c85type
11:34:32.970 [main] TRACE - Resolving type for handle stxstringf179type
11:34:32.975 [main] TRACE - Resolving type for handle stcelltypebf95type
11:34:43.434 [main] INFO  - Goto my account-->Click on Login.. 
11:34:45.815 [main] DEBUG - Parsing relationship: /xl/_rels/workbook.xml.rels
11:34:45.817 [main] DEBUG - Parsing relationship: /xl/worksheets/_rels/sheet1.xml.rels
11:34:45.821 [main] DEBUG - Parsing relationship: /_rels/.rels
11:34:45.863 [main] DEBUG - using default POIXMLDocumentPart for http://schemas.openxmlformats.org/officeDocument/2006/relationships/printerSettings
11:34:58.665 [main] INFO  - Goto my account-->Click on Login.. 
11:34:59.913 [main] DEBUG - Parsing relationship: /xl/_rels/workbook.xml.rels
11:34:59.916 [main] DEBUG - Parsing relationship: /xl/worksheets/_rels/sheet1.xml.rels
11:34:59.919 [main] DEBUG - Parsing relationship: /_rels/.rels
11:34:59.952 [main] DEBUG - using default POIXMLDocumentPart for http://schemas.openxmlformats.org/officeDocument/2006/relationships/printerSettings
11:35:09.322 [main] INFO  - Goto my account-->Click on Login.. 
11:35:10.518 [main] DEBUG - Parsing relationship: /xl/_rels/workbook.xml.rels
11:35:10.520 [main] DEBUG - Parsing relationship: /xl/worksheets/_rels/sheet1.xml.rels
11:35:10.521 [main] DEBUG - Parsing relationship: /_rels/.rels
11:35:10.546 [main] DEBUG - using default POIXMLDocumentPart for http://schemas.openxmlformats.org/officeDocument/2006/relationships/printerSettings
11:35:21.307 [main] INFO  - Goto my account-->Click on Login.. 
11:35:22.954 [main] DEBUG - Parsing relationship: /xl/_rels/workbook.xml.rels
11:35:22.955 [main] DEBUG - Parsing relationship: /xl/worksheets/_rels/sheet1.xml.rels
11:35:22.957 [main] DEBUG - Parsing relationship: /_rels/.rels
11:35:22.979 [main] DEBUG - using default POIXMLDocumentPart for http://schemas.openxmlformats.org/officeDocument/2006/relationships/printerSettings
11:36:09.728 [main] INFO  - Goto my account-->Click on Login.. 
11:36:11.635 [main] DEBUG - Parsing relationship: /xl/_rels/workbook.xml.rels
11:36:11.642 [main] DEBUG - Parsing relationship: /xl/worksheets/_rels/sheet1.xml.rels
11:36:11.647 [main] DEBUG - Parsing relationship: /_rels/.rels
11:36:12.921 [main] TRACE - Loading type system org.apache.poi.schemas.ooxml.system.ooxml
11:36:13.008 [main] TRACE - Loading type system org.apache.xmlbeans.metadata.system.sXMLCONFIG
11:36:13.009 [main] TRACE - Loading type system org.apache.xmlbeans.metadata.system.sXMLLANG
11:36:13.010 [main] TRACE - Loading type system org.apache.xmlbeans.metadata.system.sXMLSCHEMA
11:36:13.010 [main] TRACE - Loading type system org.apache.xmlbeans.metadata.system.sXMLTOOLS
11:36:13.011 [main] TRACE - Reading unresolved handles for type system org.apache.xmlbeans.metadata.system.sXMLTOOLS
11:36:13.121 [main] TRACE - Finished loading type system org.apache.xmlbeans.metadata.system.sXMLTOOLS
11:36:13.122 [main] TRACE - Reading unresolved handles for type system org.apache.xmlbeans.metadata.system.sXMLSCHEMA
11:36:13.129 [main] TRACE - Finished loading type system org.apache.xmlbeans.metadata.system.sXMLSCHEMA
11:36:13.131 [main] TRACE - Reading unresolved handles for type system org.apache.xmlbeans.metadata.system.sXMLLANG
11:36:13.132 [main] TRACE - Finished loading type system org.apache.xmlbeans.metadata.system.sXMLLANG
11:36:13.133 [main] TRACE - Reading unresolved handles for type system org.apache.xmlbeans.metadata.system.sXMLCONFIG
11:36:13.136 [main] TRACE - Finished loading type system org.apache.xmlbeans.metadata.system.sXMLCONFIG
11:36:13.137 [main] TRACE - Reading unresolved handles for type system org.apache.poi.schemas.ooxml.system.ooxml
11:36:13.425 [main] TRACE - Finished loading type system org.apache.poi.schemas.ooxml.system.ooxml
11:36:13.428 [main] TRACE - Resolving type for handle themefd26doctype
11:36:13.689 [main] TRACE - Resolving type for handle stylesheet5d8bdoctype
11:36:13.726 [main] TRACE - Resolving type for handle ctstylesheet4257type
11:36:13.804 [main] TRACE - Resolving type for handle ctfonts6623type
11:36:13.813 [main] TRACE - Resolving type for handle ctfont14d8type
11:36:13.842 [main] TRACE - Resolving type for handle ctfills2c6ftype
11:36:13.912 [main] TRACE - Resolving type for handle ctfill550ctype
11:36:13.987 [main] TRACE - Resolving type for handle ctborders0d66type
11:36:13.991 [main] TRACE - Resolving type for handle ctborderf935type
11:36:14.048 [main] TRACE - Resolving type for handle ctcellxfs1322type
11:36:14.110 [main] TRACE - Resolving type for handle ctxf97f7type
11:36:14.122 [main] TRACE - Resolving type for handle ctcellstylexfsa81ftype
11:36:14.151 [main] TRACE - Resolving type for handle ctdxfsb26atype
11:36:14.275 [main] TRACE - Resolving type for handle cttablestyles872ftype
11:36:14.306 [main] TRACE - Resolving type for handle sstf81fdoctype
11:36:14.379 [main] TRACE - Resolving type for handle ctsst44f3type
11:36:14.485 [main] TRACE - Resolving type for handle ctrsta472type
11:36:14.590 [main] DEBUG - using default POIXMLDocumentPart for http://schemas.openxmlformats.org/officeDocument/2006/relationships/printerSettings
11:36:14.635 [main] TRACE - Resolving type for handle workbookec17doctype
11:36:14.677 [main] TRACE - Resolving type for handle ctworkbook83c3type
11:36:14.795 [main] TRACE - Resolving type for handle ctsheets49fdtype
11:36:14.797 [main] TRACE - Resolving type for handle ctsheet4dbetype
11:36:14.918 [main] TRACE - Resolving type for handle strelationshipid1e94type
11:36:15.000 [main] TRACE - Resolving type for handle worksheetf539doctype
11:36:15.086 [main] TRACE - Resolving type for handle ctworksheet530dtype
11:36:15.172 [main] TRACE - Resolving type for handle ctsheetdata8408type
11:36:15.270 [main] TRACE - Resolving type for handle ctrowdd39type
11:36:15.327 [main] TRACE - Resolving type for handle ctcell842btype
11:36:15.364 [main] TRACE - Resolving type for handle stcellrefe4e0type
11:36:15.485 [main] TRACE - Resolving type for handle ctcols627ctype
11:36:15.592 [main] TRACE - Resolving type for handle ctcola95ftype
11:36:15.643 [main] TRACE - Resolving type for handle cthyperlinks6416type
11:36:15.744 [main] TRACE - Resolving type for handle cthyperlink0c85type
11:36:15.787 [main] TRACE - Resolving type for handle stxstringf179type
11:36:15.795 [main] TRACE - Resolving type for handle stcelltypebf95type
11:36:23.414 [main] INFO  - Goto my account-->Click on Login.. 
11:36:25.492 [main] DEBUG - Parsing relationship: /xl/_rels/workbook.xml.rels
11:36:25.493 [main] DEBUG - Parsing relationship: /xl/worksheets/_rels/sheet1.xml.rels
11:36:25.495 [main] DEBUG - Parsing relationship: /_rels/.rels
11:36:25.516 [main] DEBUG - using default POIXMLDocumentPart for http://schemas.openxmlformats.org/officeDocument/2006/relationships/printerSettings
11:36:33.166 [main] INFO  - Goto my account-->Click on Login.. 
11:36:34.656 [main] DEBUG - Parsing relationship: /xl/_rels/workbook.xml.rels
11:36:34.658 [main] DEBUG - Parsing relationship: /xl/worksheets/_rels/sheet1.xml.rels
11:36:34.661 [main] DEBUG - Parsing relationship: /_rels/.rels
11:36:34.695 [main] DEBUG - using default POIXMLDocumentPart for http://schemas.openxmlformats.org/officeDocument/2006/relationships/printerSettings
11:36:42.785 [main] INFO  - Goto my account-->Click on Login.. 
11:36:44.038 [main] DEBUG - Parsing relationship: /xl/_rels/workbook.xml.rels
11:36:44.040 [main] DEBUG - Parsing relationship: /xl/worksheets/_rels/sheet1.xml.rels
11:36:44.044 [main] DEBUG - Parsing relationship: /_rels/.rels
11:36:44.090 [main] DEBUG - using default POIXMLDocumentPart for http://schemas.openxmlformats.org/officeDocument/2006/relationships/printerSettings
11:36:51.904 [main] INFO  - Goto my account-->Click on Login.. 
11:36:53.337 [main] DEBUG - Parsing relationship: /xl/_rels/workbook.xml.rels
11:36:53.339 [main] DEBUG - Parsing relationship: /xl/worksheets/_rels/sheet1.xml.rels
11:36:53.340 [main] DEBUG - Parsing relationship: /_rels/.rels
11:36:53.359 [main] DEBUG - using default POIXMLDocumentPart for http://schemas.openxmlformats.org/officeDocument/2006/relationships/printerSettings
11:37:16.760 [main] INFO  - Goto my account-->Click on Login.. 
11:37:18.327 [main] DEBUG - Parsing relationship: /xl/_rels/workbook.xml.rels
11:37:18.331 [main] DEBUG - Parsing relationship: /xl/worksheets/_rels/sheet1.xml.rels
11:37:18.335 [main] DEBUG - Parsing relationship: /_rels/.rels
11:37:18.575 [main] TRACE - Loading type system org.apache.poi.schemas.ooxml.system.ooxml
11:37:18.578 [main] TRACE - Loading type system org.apache.xmlbeans.metadata.system.sXMLCONFIG
11:37:18.579 [main] TRACE - Loading type system org.apache.xmlbeans.metadata.system.sXMLLANG
11:37:18.579 [main] TRACE - Loading type system org.apache.xmlbeans.metadata.system.sXMLSCHEMA
11:37:18.580 [main] TRACE - Loading type system org.apache.xmlbeans.metadata.system.sXMLTOOLS
11:37:18.581 [main] TRACE - Reading unresolved handles for type system org.apache.xmlbeans.metadata.system.sXMLTOOLS
11:37:18.596 [main] TRACE - Finished loading type system org.apache.xmlbeans.metadata.system.sXMLTOOLS
11:37:18.597 [main] TRACE - Reading unresolved handles for type system org.apache.xmlbeans.metadata.system.sXMLSCHEMA
11:37:18.604 [main] TRACE - Finished loading type system org.apache.xmlbeans.metadata.system.sXMLSCHEMA
11:37:18.605 [main] TRACE - Reading unresolved handles for type system org.apache.xmlbeans.metadata.system.sXMLLANG
11:37:18.606 [main] TRACE - Finished loading type system org.apache.xmlbeans.metadata.system.sXMLLANG
11:37:18.607 [main] TRACE - Reading unresolved handles for type system org.apache.xmlbeans.metadata.system.sXMLCONFIG
11:37:18.608 [main] TRACE - Finished loading type system org.apache.xmlbeans.metadata.system.sXMLCONFIG
11:37:18.610 [main] TRACE - Reading unresolved handles for type system org.apache.poi.schemas.ooxml.system.ooxml
11:37:18.703 [main] TRACE - Finished loading type system org.apache.poi.schemas.ooxml.system.ooxml
11:37:18.707 [main] TRACE - Resolving type for handle themefd26doctype
11:37:18.803 [main] TRACE - Resolving type for handle stylesheet5d8bdoctype
11:37:18.811 [main] TRACE - Resolving type for handle ctstylesheet4257type
11:37:18.818 [main] TRACE - Resolving type for handle ctfonts6623type
11:37:18.822 [main] TRACE - Resolving type for handle ctfont14d8type
11:37:18.829 [main] TRACE - Resolving type for handle ctfills2c6ftype
11:37:18.831 [main] TRACE - Resolving type for handle ctfill550ctype
11:37:18.834 [main] TRACE - Resolving type for handle ctborders0d66type
11:37:18.836 [main] TRACE - Resolving type for handle ctborderf935type
11:37:18.841 [main] TRACE - Resolving type for handle ctcellxfs1322type
11:37:18.844 [main] TRACE - Resolving type for handle ctxf97f7type
11:37:18.850 [main] TRACE - Resolving type for handle ctcellstylexfsa81ftype
11:37:18.852 [main] TRACE - Resolving type for handle ctdxfsb26atype
11:37:18.855 [main] TRACE - Resolving type for handle cttablestyles872ftype
11:37:18.860 [main] TRACE - Resolving type for handle sstf81fdoctype
11:37:18.869 [main] TRACE - Resolving type for handle ctsst44f3type
11:37:18.884 [main] TRACE - Resolving type for handle ctrsta472type
11:37:18.917 [main] DEBUG - using default POIXMLDocumentPart for http://schemas.openxmlformats.org/officeDocument/2006/relationships/printerSettings
11:37:18.918 [main] TRACE - Resolving type for handle workbookec17doctype
11:37:18.925 [main] TRACE - Resolving type for handle ctworkbook83c3type
11:37:18.932 [main] TRACE - Resolving type for handle ctsheets49fdtype
11:37:18.935 [main] TRACE - Resolving type for handle ctsheet4dbetype
11:37:18.938 [main] TRACE - Resolving type for handle strelationshipid1e94type
11:37:18.941 [main] TRACE - Resolving type for handle worksheetf539doctype
11:37:18.951 [main] TRACE - Resolving type for handle ctworksheet530dtype
11:37:18.963 [main] TRACE - Resolving type for handle ctsheetdata8408type
11:37:18.966 [main] TRACE - Resolving type for handle ctrowdd39type
11:37:18.973 [main] TRACE - Resolving type for handle ctcell842btype
11:37:18.982 [main] TRACE - Resolving type for handle stcellrefe4e0type
11:37:18.994 [main] TRACE - Resolving type for handle ctcols627ctype
11:37:19.000 [main] TRACE - Resolving type for handle ctcola95ftype
11:37:19.023 [main] TRACE - Resolving type for handle cthyperlinks6416type
11:37:19.027 [main] TRACE - Resolving type for handle cthyperlink0c85type
11:37:19.036 [main] TRACE - Resolving type for handle stxstringf179type
11:37:19.040 [main] TRACE - Resolving type for handle stcelltypebf95type
11:38:12.556 [main] INFO  - Goto my account-->Click on Login.. 
11:38:13.883 [main] DEBUG - Parsing relationship: /xl/_rels/workbook.xml.rels
11:38:13.885 [main] DEBUG - Parsing relationship: /xl/worksheets/_rels/sheet1.xml.rels
11:38:13.888 [main] DEBUG - Parsing relationship: /_rels/.rels
11:38:13.932 [main] DEBUG - using default POIXMLDocumentPart for http://schemas.openxmlformats.org/officeDocument/2006/relationships/printerSettings
11:38:41.908 [main] INFO  - Goto my account-->Click on Login.. 
11:38:43.331 [main] DEBUG - Parsing relationship: /xl/_rels/workbook.xml.rels
11:38:43.335 [main] DEBUG - Parsing relationship: /xl/worksheets/_rels/sheet1.xml.rels
11:38:43.338 [main] DEBUG - Parsing relationship: /_rels/.rels
11:38:43.367 [main] DEBUG - using default POIXMLDocumentPart for http://schemas.openxmlformats.org/officeDocument/2006/relationships/printerSettings
