
Aug 09, 2021 15:08:43.845 NEW SESSION
Aug 09, 2021 15:08:43.845 [3404:8880:0809/150843.837:ERROR:device_event_log_impl.cc(214)] [15:08:43.836] USB: usb_device_handle_win.cc:1048 Failed to read descriptor from node connection: A device attached to the system is not functioning. (0x1F)
Aug 09, 2021 15:08:43.845 [3404:8880:0809/150843.837:ERROR:device_event_log_impl.cc(214)] [15:08:43.836] USB: usb_device_handle_win.cc:1048 Failed to read descriptor from node connection: A device attached to the system is not functioning. (0x1F)
Aug 09, 2021 15:09:11.219 [3380:10968:0809/150911.219:ERROR:device_event_log_impl.cc(214)] [15:09:11.219] USB: usb_device_handle_win.cc:1048 Failed to read descriptor from node connection: A device attached to the system is not functioning. (0x1F)
Aug 09, 2021 15:09:11.220 [3380:10968:0809/150911.219:ERROR:device_event_log_impl.cc(214)] [15:09:11.220] USB: usb_device_handle_win.cc:1048 Failed to read descriptor from node connection: A device attached to the system is not functioning. (0x1F)

Aug 11, 2021 09:56:19.321 NEW SESSION
Aug 11, 2021 09:56:19.321 [4600:5572:0811/095619.290:ERROR:device_event_log_impl.cc(214)] [09:56:19.290] USB: usb_device_handle_win.cc:1048 Failed to read descriptor from node connection: A device attached to the system is not functioning. (0x1F)
Aug 11, 2021 09:56:19.367 [4600:5572:0811/095619.290:ERROR:device_event_log_impl.cc(214)] [09:56:19.290] USB: usb_device_handle_win.cc:1048 Failed to read descriptor from node connection: A device attached to the system is not functioning. (0x1F)
Aug 11, 2021 09:56:19.456 [4600:3176:0811/095619.455:ERROR:connection_factory_impl.cc(429)] Failed to connect to MCS endpoint with error -106
Aug 11, 2021 09:56:40.373 [4600:3176:0811/095640.373:ERROR:connection_factory_impl.cc(429)] Failed to connect to MCS endpoint with error -106
Aug 11, 2021 09:56:50.04 [4600:5572:0811/095650.004:ERROR:account_info_fetcher.cc(62)] OnGetTokenFailure: Connection failed (-106).
Aug 11, 2021 09:57:30.618 [4600:3176:0811/095730.617:ERROR:connection_factory_impl.cc(429)] Failed to connect to MCS endpoint with error -106
Aug 11, 2021 09:59:06.551 [4600:3176:0811/095906.551:ERROR:connection_factory_impl.cc(429)] Failed to connect to MCS endpoint with error -106
Aug 11, 2021 10:09:29.190 [7708:7568:0811/100929.190:ERROR:device_event_log_impl.cc(214)] [10:09:29.190] USB: usb_device_handle_win.cc:1048 Failed to read descriptor from node connection: A device attached to the system is not functioning. (0x1F)
Aug 11, 2021 10:09:29.190 [7708:7568:0811/100929.190:ERROR:device_event_log_impl.cc(214)] [10:09:29.190] USB: usb_device_handle_win.cc:1048 Failed to read descriptor from node connection: A device attached to the system is not functioning. (0x1F)

Aug 11, 2021 10:23:15.186 NEW SESSION
Aug 11, 2021 10:23:15.187 [5224:7156:0811/102315.164:ERROR:device_event_log_impl.cc(214)] [10:23:15.165] USB: usb_device_handle_win.cc:1048 Failed to read descriptor from node connection: A device attached to the system is not functioning. (0x1F)
Aug 11, 2021 10:23:15.199 [5224:7156:0811/102315.166:ERROR:device_event_log_impl.cc(214)] [10:23:15.166] USB: usb_device_handle_win.cc:1048 Failed to read descriptor from node connection: A device attached to the system is not functioning. (0x1F)
Aug 11, 2021 10:40:47.594 [8656:8660:0811/104047.594:ERROR:device_event_log_impl.cc(214)] [10:40:47.594] USB: usb_device_handle_win.cc:1048 Failed to read descriptor from node connection: A device attached to the system is not functioning. (0x1F)
Aug 11, 2021 10:40:47.595 [8656:8660:0811/104047.594:ERROR:device_event_log_impl.cc(214)] [10:40:47.594] USB: usb_device_handle_win.cc:1048 Failed to read descriptor from node connection: A device attached to the system is not functioning. (0x1F)
Aug 11, 2021 10:42:25.970 [9928:5580:0811/104225.970:ERROR:device_event_log_impl.cc(214)] [10:42:25.969] USB: usb_device_handle_win.cc:1048 Failed to read descriptor from node connection: A device attached to the system is not functioning. (0x1F)
Aug 11, 2021 10:42:25.970 [9928:5580:0811/104225.970:ERROR:device_event_log_impl.cc(214)] [10:42:25.969] USB: usb_device_handle_win.cc:1048 Failed to read descriptor from node connection: A device attached to the system is not functioning. (0x1F)
Aug 11, 2021 10:49:08.756 [8472:5956:0811/104908.755:ERROR:device_event_log_impl.cc(214)] [10:49:08.755] USB: usb_device_handle_win.cc:1048 Failed to read descriptor from node connection: A device attached to the system is not functioning. (0x1F)
Aug 11, 2021 10:49:08.756 [8472:5956:0811/104908.756:ERROR:device_event_log_impl.cc(214)] [10:49:08.756] USB: usb_device_handle_win.cc:1048 Failed to read descriptor from node connection: A device attached to the system is not functioning. (0x1F)
Aug 11, 2021 11:54:36.395 [9404:6212:0811/115436.395:ERROR:device_event_log_impl.cc(214)] [11:54:36.395] USB: usb_device_handle_win.cc:1048 Failed to read descriptor from node connection: A device attached to the system is not functioning. (0x1F)
Aug 11, 2021 11:54:36.396 [9404:6212:0811/115436.395:ERROR:device_event_log_impl.cc(214)] [11:54:36.396] USB: usb_device_handle_win.cc:1048 Failed to read descriptor from node connection: A device attached to the system is not functioning. (0x1F)
Aug 11, 2021 12:32:09.254 [9404:7740:0811/123209.254:ERROR:database.cc(1711)] Passwords sqlite error 2067, errno 0: UNIQUE constraint failed: logins.origin_url, logins.username_element, logins.username_value, logins.password_element, logins.signon_realm, sql: INSERT INTO logins (origin_url, action_url, username_element, username_value, password_element, password_value, submit_element, signon_realm, date_created, blacklisted_by_user, scheme, password_type, times_used, form_data, date_synced, display_name, icon_url, federation_url, skip_zero_click, generation_upload_status, possible_username_pairs, id, date_last_used, moving_blocked_for) VALUES (?,?,?,?,?,?,?,?,?,?,?,?,?,?,?,?,?,?,?,?,?,?,?,?)
Aug 11, 2021 13:04:21.202 [772:3032:0811/130421.202:ERROR:device_event_log_impl.cc(214)] [13:04:21.202] USB: usb_device_handle_win.cc:1048 Failed to read descriptor from node connection: A device attached to the system is not functioning. (0x1F)
Aug 11, 2021 13:04:21.202 [772:3032:0811/130421.202:ERROR:device_event_log_impl.cc(214)] [13:04:21.202] USB: usb_device_handle_win.cc:1048 Failed to read descriptor from node connection: A device attached to the system is not functioning. (0x1F)
Aug 11, 2021 13:22:25.999 [772:5296:0811/132225.998:ERROR:database.cc(1711)] Passwords sqlite error 2067, errno 0: UNIQUE constraint failed: insecure_credentials.parent_id, insecure_credentials.insecurity_type, sql: INSERT INTO insecure_credentials (parent_id, insecurity_type, create_time, is_muted) SELECT id, ?, ?, ? FROM logins WHERE signon_realm=? AND username_value=?

Aug 11, 2021 15:25:45.922 NEW SESSION
Aug 11, 2021 15:25:45.923 [4468:2880:0811/152545.860:ERROR:device_event_log_impl.cc(214)] [15:25:45.860] USB: usb_device_handle_win.cc:1048 Failed to read descriptor from node connection: A device attached to the system is not functioning. (0x1F)
Aug 11, 2021 15:25:45.978 [4468:2880:0811/152545.862:ERROR:device_event_log_impl.cc(214)] [15:25:45.861] USB: usb_device_handle_win.cc:1048 Failed to read descriptor from node connection: A device attached to the system is not functioning. (0x1F)
Aug 11, 2021 15:26:11.754 [244:9368:0811/152611.753:ERROR:device_event_log_impl.cc(214)] [15:26:11.753] USB: usb_device_handle_win.cc:1048 Failed to read descriptor from node connection: A device attached to the system is not functioning. (0x1F)
Aug 11, 2021 15:26:11.755 [244:9368:0811/152611.755:ERROR:device_event_log_impl.cc(214)] [15:26:11.755] USB: usb_device_handle_win.cc:1048 Failed to read descriptor from node connection: A device attached to the system is not functioning. (0x1F)
Aug 11, 2021 15:28:33.467 [4056:5848:0811/152833.467:ERROR:device_event_log_impl.cc(214)] [15:28:33.468] USB: usb_device_handle_win.cc:1048 Failed to read descriptor from node connection: A device attached to the system is not functioning. (0x1F)
Aug 11, 2021 15:28:33.468 [4056:5848:0811/152833.467:ERROR:device_event_log_impl.cc(214)] [15:28:33.468] USB: usb_device_handle_win.cc:1048 Failed to read descriptor from node connection: A device attached to the system is not functioning. (0x1F)
Aug 11, 2021 15:35:16.884 [6832:10452:0811/153516.884:ERROR:device_event_log_impl.cc(214)] [15:35:16.884] USB: usb_device_handle_win.cc:1048 Failed to read descriptor from node connection: A device attached to the system is not functioning. (0x1F)
Aug 11, 2021 15:35:16.889 [6832:10452:0811/153516.889:ERROR:device_event_log_impl.cc(214)] [15:35:16.888] USB: usb_device_handle_win.cc:1048 Failed to read descriptor from node connection: A device attached to the system is not functioning. (0x1F)
Aug 11, 2021 15:36:00.333 [1740:10308:0811/153600.332:ERROR:device_event_log_impl.cc(214)] [15:36:00.333] USB: usb_device_handle_win.cc:1048 Failed to read descriptor from node connection: A device attached to the system is not functioning. (0x1F)
Aug 11, 2021 15:36:00.333 [1740:10308:0811/153600.333:ERROR:device_event_log_impl.cc(214)] [15:36:00.333] USB: usb_device_handle_win.cc:1048 Failed to read descriptor from node connection: A device attached to the system is not functioning. (0x1F)
Aug 11, 2021 15:36:39.138 [10644:1632:0811/153639.137:ERROR:device_event_log_impl.cc(214)] [15:36:39.137] USB: usb_device_handle_win.cc:1048 Failed to read descriptor from node connection: A device attached to the system is not functioning. (0x1F)
Aug 11, 2021 15:36:39.138 [10644:1632:0811/153639.137:ERROR:device_event_log_impl.cc(214)] [15:36:39.137] USB: usb_device_handle_win.cc:1048 Failed to read descriptor from node connection: A device attached to the system is not functioning. (0x1F)
Aug 11, 2021 15:37:14.125 [7716:9940:0811/153714.124:ERROR:device_event_log_impl.cc(214)] [15:37:14.125] USB: usb_device_handle_win.cc:1048 Failed to read descriptor from node connection: A device attached to the system is not functioning. (0x1F)
Aug 11, 2021 15:37:14.125 [7716:9940:0811/153714.125:ERROR:device_event_log_impl.cc(214)] [15:37:14.125] USB: usb_device_handle_win.cc:1048 Failed to read descriptor from node connection: A device attached to the system is not functioning. (0x1F)
Aug 11, 2021 15:38:37.14 [7672:8188:0811/153837.014:ERROR:device_event_log_impl.cc(214)] [15:38:37.014] USB: usb_device_handle_win.cc:1048 Failed to read descriptor from node connection: A device attached to the system is not functioning. (0x1F)
Aug 11, 2021 15:38:37.14 [7672:8188:0811/153837.014:ERROR:device_event_log_impl.cc(214)] [15:38:37.014] USB: usb_device_handle_win.cc:1048 Failed to read descriptor from node connection: A device attached to the system is not functioning. (0x1F)
Aug 11, 2021 15:40:51.428 [10528:6324:0811/154051.428:ERROR:device_event_log_impl.cc(214)] [15:40:51.428] USB: usb_device_handle_win.cc:1048 Failed to read descriptor from node connection: A device attached to the system is not functioning. (0x1F)
Aug 11, 2021 15:40:51.429 [10528:6324:0811/154051.428:ERROR:device_event_log_impl.cc(214)] [15:40:51.428] USB: usb_device_handle_win.cc:1048 Failed to read descriptor from node connection: A device attached to the system is not functioning. (0x1F)

Aug 11, 2021 17:16:38.717 NEW SESSION
Aug 11, 2021 17:16:38.717 [10652:9396:0811/171638.715:ERROR:device_event_log_impl.cc(214)] [17:16:38.716] USB: usb_device_handle_win.cc:1048 Failed to read descriptor from node connection: A device attached to the system is not functioning. (0x1F)
Aug 11, 2021 17:16:38.717 [10652:9396:0811/171638.716:ERROR:device_event_log_impl.cc(214)] [17:16:38.716] USB: usb_device_handle_win.cc:1048 Failed to read descriptor from node connection: A device attached to the system is not functioning. (0x1F)
Aug 11, 2021 17:25:49.711 [6644:1980:0811/172549.711:ERROR:device_event_log_impl.cc(214)] [17:25:49.711] USB: usb_device_handle_win.cc:1048 Failed to read descriptor from node connection: A device attached to the system is not functioning. (0x1F)
Aug 11, 2021 17:25:49.713 [6644:1980:0811/172549.712:ERROR:device_event_log_impl.cc(214)] [17:25:49.712] USB: usb_device_handle_win.cc:1048 Failed to read descriptor from node connection: A device attached to the system is not functioning. (0x1F)

Aug 14, 2021 17:41:25.342 NEW SESSION
Aug 14, 2021 17:41:25.350 [7532:2084:0814/174125.316:ERROR:device_event_log_impl.cc(214)] [17:41:25.316] USB: usb_device_handle_win.cc:1048 Failed to read descriptor from node connection: A device attached to the system is not functioning. (0x1F)
Aug 14, 2021 17:41:25.359 [7532:2084:0814/174125.318:ERROR:device_event_log_impl.cc(214)] [17:41:25.318] USB: usb_device_handle_win.cc:1048 Failed to read descriptor from node connection: A device attached to the system is not functioning. (0x1F)
