
Dec 02, 2021 18:44:26.81 NEW SESSION
Dec 02, 2021 18:44:26.81 [11900:6900:1202/184426.057:ERROR:device_event_log_impl.cc(214)] [18:44:26.058] USB: usb_device_handle_win.cc:1048 Failed to read descriptor from node connection: A device attached to the system is not functioning. (0x1F)
Dec 02, 2021 18:44:26.81 [11900:6900:1202/184426.058:ERROR:device_event_log_impl.cc(214)] [18:44:26.058] USB: usb_device_handle_win.cc:1048 Failed to read descriptor from node connection: A device attached to the system is not functioning. (0x1F)
Dec 02, 2021 18:44:26.82 [11900:7068:1202/184426.062:ERROR:chrome_browser_main_extra_parts_metrics.cc(226)] crbug.com/1216328: Checking Bluetooth availability started. Please report if there is no report that this ends.
Dec 02, 2021 18:44:26.82 [11900:7068:1202/184426.069:ERROR:chrome_browser_main_extra_parts_metrics.cc(229)] crbug.com/1216328: Checking Bluetooth availability ended.
Dec 02, 2021 18:44:26.82 [11900:7068:1202/184426.070:ERROR:chrome_browser_main_extra_parts_metrics.cc(232)] crbug.com/1216328: Checking default browser status started. Please report if there is no report that this ends.
Dec 02, 2021 18:44:26.83 [11900:7068:1202/184426.072:ERROR:chrome_browser_main_extra_parts_metrics.cc(236)] crbug.com/1216328: Checking default browser status ended.
Dec 02, 2021 18:44:26.210 [11900:8340:1202/184426.210:ERROR:connection_factory_impl.cc(425)] Failed to connect to MCS endpoint with error -106
Dec 02, 2021 19:07:13.893 [4796:2220:1202/190713.893:ERROR:device_event_log_impl.cc(214)] [19:07:13.893] USB: usb_device_handle_win.cc:1048 Failed to read descriptor from node connection: A device attached to the system is not functioning. (0x1F)
Dec 02, 2021 19:07:13.902 [4796:2220:1202/190713.901:ERROR:device_event_log_impl.cc(214)] [19:07:13.902] USB: usb_device_handle_win.cc:1048 Failed to read descriptor from node connection: A device attached to the system is not functioning. (0x1F)
Dec 02, 2021 19:07:13.903 [4796:8936:1202/190713.903:ERROR:chrome_browser_main_extra_parts_metrics.cc(226)] crbug.com/1216328: Checking Bluetooth availability started. Please report if there is no report that this ends.
Dec 02, 2021 19:07:13.904 [4796:8936:1202/190713.903:ERROR:chrome_browser_main_extra_parts_metrics.cc(229)] crbug.com/1216328: Checking Bluetooth availability ended.
Dec 02, 2021 19:07:13.904 [4796:8936:1202/190713.903:ERROR:chrome_browser_main_extra_parts_metrics.cc(232)] crbug.com/1216328: Checking default browser status started. Please report if there is no report that this ends.
Dec 02, 2021 19:07:13.917 [4796:8936:1202/190713.917:ERROR:chrome_browser_main_extra_parts_metrics.cc(236)] crbug.com/1216328: Checking default browser status ended.
Dec 02, 2021 19:07:13.946 [4796:9180:1202/190713.946:ERROR:connection_factory_impl.cc(425)] Failed to connect to MCS endpoint with error -106
Dec 02, 2021 19:07:37.17 [4796:9180:1202/190737.016:ERROR:connection_factory_impl.cc(425)] Failed to connect to MCS endpoint with error -106
Dec 02, 2021 19:08:34.42 [4796:9180:1202/190834.042:ERROR:connection_factory_impl.cc(425)] Failed to connect to MCS endpoint with error -106
Dec 02, 2021 19:10:26.168 [4796:9180:1202/191026.167:ERROR:connection_factory_impl.cc(425)] Failed to connect to MCS endpoint with error -106

Dec 03, 2021 15:27:00.530 NEW SESSION
Dec 03, 2021 15:27:00.530 [6304:4336:1203/152700.357:ERROR:device_event_log_impl.cc(214)] [15:27:00.356] USB: usb_device_handle_win.cc:1048 Failed to read descriptor from node connection: A device attached to the system is not functioning. (0x1F)
Dec 03, 2021 15:27:00.600 [6304:4336:1203/152700.362:ERROR:device_event_log_impl.cc(214)] [15:27:00.361] USB: usb_device_handle_win.cc:1048 Failed to read descriptor from node connection: A device attached to the system is not functioning. (0x1F)
Dec 03, 2021 15:27:00.600 [6304:8252:1203/152700.396:ERROR:chrome_browser_main_extra_parts_metrics.cc(226)] crbug.com/1216328: Checking Bluetooth availability started. Please report if there is no report that this ends.
Dec 03, 2021 15:27:00.600 [6304:8252:1203/152700.400:ERROR:chrome_browser_main_extra_parts_metrics.cc(229)] crbug.com/1216328: Checking Bluetooth availability ended.
Dec 03, 2021 15:27:00.601 [6304:8252:1203/152700.400:ERROR:chrome_browser_main_extra_parts_metrics.cc(232)] crbug.com/1216328: Checking default browser status started. Please report if there is no report that this ends.
Dec 03, 2021 15:27:00.601 [6304:8252:1203/152700.405:ERROR:chrome_browser_main_extra_parts_metrics.cc(236)] crbug.com/1216328: Checking default browser status ended.
Dec 03, 2021 15:54:58.846 [6304:4336:1203/155458.845:ERROR:device_event_log_impl.cc(214)] [15:54:58.846] USB: usb_service_win.cc:261 Failed to get device driver name: Element not found. (0x490)
Dec 03, 2021 16:00:41.519 [6304:7664:1203/160041.519:ERROR:connection_factory_impl.cc(425)] Failed to connect to MCS endpoint with error -106
Dec 03, 2021 16:01:05.31 [6304:7664:1203/160105.031:ERROR:connection_factory_impl.cc(425)] Failed to connect to MCS endpoint with error -106
Dec 03, 2021 16:01:56.808 [6304:7664:1203/160156.808:ERROR:connection_factory_impl.cc(425)] Failed to connect to MCS endpoint with error -106
Dec 03, 2021 16:03:54.559 [6304:7664:1203/160354.558:ERROR:connection_factory_impl.cc(425)] Failed to connect to MCS endpoint with error -106
Dec 03, 2021 16:06:39.76 [6304:7664:1203/160639.076:ERROR:connection_factory_impl.cc(425)] Failed to connect to MCS endpoint with error -106
Dec 03, 2021 16:20:19.893 [11592:6336:1203/162019.893:ERROR:chrome_browser_main_extra_parts_metrics.cc(226)] crbug.com/1216328: Checking Bluetooth availability started. Please report if there is no report that this ends.
Dec 03, 2021 16:20:19.894 [11592:6336:1203/162019.893:ERROR:chrome_browser_main_extra_parts_metrics.cc(229)] crbug.com/1216328: Checking Bluetooth availability ended.
Dec 03, 2021 16:20:19.894 [11592:6336:1203/162019.893:ERROR:chrome_browser_main_extra_parts_metrics.cc(232)] crbug.com/1216328: Checking default browser status started. Please report if there is no report that this ends.
Dec 03, 2021 16:20:19.899 [11592:11676:1203/162019.898:ERROR:device_event_log_impl.cc(214)] [16:20:19.897] USB: usb_device_handle_win.cc:1048 Failed to read descriptor from node connection: A device attached to the system is not functioning. (0x1F)
Dec 03, 2021 16:20:19.899 [11592:11676:1203/162019.898:ERROR:device_event_log_impl.cc(214)] [16:20:19.898] USB: usb_device_handle_win.cc:1048 Failed to read descriptor from node connection: A device attached to the system is not functioning. (0x1F)
Dec 03, 2021 16:20:19.905 [11592:6336:1203/162019.905:ERROR:chrome_browser_main_extra_parts_metrics.cc(236)] crbug.com/1216328: Checking default browser status ended.
Dec 03, 2021 16:20:20.64 [11592:7224:1203/162020.064:ERROR:connection_factory_impl.cc(425)] Failed to connect to MCS endpoint with error -106
Dec 03, 2021 16:23:15.945 [340:2924:1203/162315.942:ERROR:device_event_log_impl.cc(214)] [16:23:15.942] USB: usb_device_handle_win.cc:1048 Failed to read descriptor from node connection: A device attached to the system is not functioning. (0x1F)
Dec 03, 2021 16:23:15.945 [340:2924:1203/162315.943:ERROR:device_event_log_impl.cc(214)] [16:23:15.942] USB: usb_device_handle_win.cc:1048 Failed to read descriptor from node connection: A device attached to the system is not functioning. (0x1F)
Dec 03, 2021 16:23:15.960 [340:7048:1203/162315.959:ERROR:chrome_browser_main_extra_parts_metrics.cc(226)] crbug.com/1216328: Checking Bluetooth availability started. Please report if there is no report that this ends.
Dec 03, 2021 16:23:15.960 [340:7048:1203/162315.959:ERROR:chrome_browser_main_extra_parts_metrics.cc(229)] crbug.com/1216328: Checking Bluetooth availability ended.
Dec 03, 2021 16:23:15.960 [340:7048:1203/162315.959:ERROR:chrome_browser_main_extra_parts_metrics.cc(232)] crbug.com/1216328: Checking default browser status started. Please report if there is no report that this ends.
Dec 03, 2021 16:23:15.966 [340:7048:1203/162315.966:ERROR:chrome_browser_main_extra_parts_metrics.cc(236)] crbug.com/1216328: Checking default browser status ended.
Dec 03, 2021 16:23:16.67 [340:12076:1203/162316.066:ERROR:connection_factory_impl.cc(425)] Failed to connect to MCS endpoint with error -106
Dec 03, 2021 16:24:43.85 [1128:11132:1203/162443.084:ERROR:chrome_browser_main_extra_parts_metrics.cc(226)] crbug.com/1216328: Checking Bluetooth availability started. Please report if there is no report that this ends.
Dec 03, 2021 16:24:43.86 [1128:11132:1203/162443.084:ERROR:chrome_browser_main_extra_parts_metrics.cc(229)] crbug.com/1216328: Checking Bluetooth availability ended.
Dec 03, 2021 16:24:43.86 [1128:11132:1203/162443.084:ERROR:chrome_browser_main_extra_parts_metrics.cc(232)] crbug.com/1216328: Checking default browser status started. Please report if there is no report that this ends.
Dec 03, 2021 16:24:43.91 [1128:11132:1203/162443.091:ERROR:chrome_browser_main_extra_parts_metrics.cc(236)] crbug.com/1216328: Checking default browser status ended.
Dec 03, 2021 16:24:43.107 [1128:7320:1203/162443.106:ERROR:device_event_log_impl.cc(214)] [16:24:43.107] USB: usb_device_handle_win.cc:1048 Failed to read descriptor from node connection: A device attached to the system is not functioning. (0x1F)
Dec 03, 2021 16:24:43.108 [1128:7320:1203/162443.108:ERROR:device_event_log_impl.cc(214)] [16:24:43.108] USB: usb_device_handle_win.cc:1048 Failed to read descriptor from node connection: A device attached to the system is not functioning. (0x1F)
Dec 03, 2021 16:24:43.143 [1128:7180:1203/162443.143:ERROR:connection_factory_impl.cc(425)] Failed to connect to MCS endpoint with error -106
Dec 03, 2021 16:27:22.556 [8628:11124:1203/162722.555:ERROR:chrome_browser_main_extra_parts_metrics.cc(226)] crbug.com/1216328: Checking Bluetooth availability started. Please report if there is no report that this ends.
Dec 03, 2021 16:27:22.556 [8628:11124:1203/162722.556:ERROR:chrome_browser_main_extra_parts_metrics.cc(229)] crbug.com/1216328: Checking Bluetooth availability ended.
Dec 03, 2021 16:27:22.556 [8628:11124:1203/162722.556:ERROR:chrome_browser_main_extra_parts_metrics.cc(232)] crbug.com/1216328: Checking default browser status started. Please report if there is no report that this ends.
Dec 03, 2021 16:27:22.562 [8628:624:1203/162722.561:ERROR:device_event_log_impl.cc(214)] [16:27:22.562] USB: usb_device_handle_win.cc:1048 Failed to read descriptor from node connection: A device attached to the system is not functioning. (0x1F)
Dec 03, 2021 16:27:22.564 [8628:624:1203/162722.563:ERROR:device_event_log_impl.cc(214)] [16:27:22.564] USB: usb_device_handle_win.cc:1048 Failed to read descriptor from node connection: A device attached to the system is not functioning. (0x1F)
Dec 03, 2021 16:27:22.568 [8628:11124:1203/162722.568:ERROR:chrome_browser_main_extra_parts_metrics.cc(236)] crbug.com/1216328: Checking default browser status ended.
Dec 03, 2021 16:27:22.758 [8628:7268:1203/162722.757:ERROR:connection_factory_impl.cc(425)] Failed to connect to MCS endpoint with error -106
Dec 03, 2021 16:27:50.682 [6424:10380:1203/162750.682:ERROR:chrome_browser_main_extra_parts_metrics.cc(226)] crbug.com/1216328: Checking Bluetooth availability started. Please report if there is no report that this ends.
Dec 03, 2021 16:27:50.685 [6424:10380:1203/162750.684:ERROR:chrome_browser_main_extra_parts_metrics.cc(229)] crbug.com/1216328: Checking Bluetooth availability ended.
Dec 03, 2021 16:27:50.686 [6424:10380:1203/162750.685:ERROR:chrome_browser_main_extra_parts_metrics.cc(232)] crbug.com/1216328: Checking default browser status started. Please report if there is no report that this ends.
Dec 03, 2021 16:27:50.691 [6424:10380:1203/162750.691:ERROR:chrome_browser_main_extra_parts_metrics.cc(236)] crbug.com/1216328: Checking default browser status ended.
Dec 03, 2021 16:27:50.700 [6424:408:1203/162750.700:ERROR:device_event_log_impl.cc(214)] [16:27:50.699] USB: usb_device_handle_win.cc:1048 Failed to read descriptor from node connection: A device attached to the system is not functioning. (0x1F)
Dec 03, 2021 16:27:50.701 [6424:408:1203/162750.701:ERROR:device_event_log_impl.cc(214)] [16:27:50.700] USB: usb_device_handle_win.cc:1048 Failed to read descriptor from node connection: A device attached to the system is not functioning. (0x1F)
Dec 03, 2021 16:27:50.829 [6424:3252:1203/162750.829:ERROR:connection_factory_impl.cc(425)] Failed to connect to MCS endpoint with error -106
